2024.10.19 22:12:16 INFO  Started: Metals version 1.3.5 in folders '/Users/mahmood/Exercism/scala/leap' for client Neovim 0.10.2.[0m
SLF4J(W): Class path contains multiple SLF4J providers.
SLF4J(W): Found provider [scribe.slf4j.ScribeServiceProvider@61033e7b]
SLF4J(W): Found provider [ch.qos.logback.classic.spi.LogbackServiceProvider@7f537cfd]
SLF4J(W): See https://www.slf4j.org/codes.html#multiple_bindings for an explanation.
SLF4J(I): Actual provider is of type [scribe.slf4j.ScribeServiceProvider@61033e7b]
2024.10.19 22:12:16 WARN  Flyway upgrade recommended: H2 2.3.230 is newer than this version of Flyway and support has not been tested. The latest supported version of H2 is 2.2.220.[0m
2024.10.19 22:12:16 INFO  no build target found for /Users/mahmood/Exercism/scala/leap/src/main/scala/Leap.scala. Using presentation compiler with project's scala-library version: 3.3.3[0m
2024.10.19 22:12:18 INFO  no build target found for /Users/mahmood/Exercism/scala/leap/src/main/scala/Leap.scala. Using presentation compiler with project's scala-library version: 3.3.3[0m
2024.10.19 22:12:18 INFO  no build target found for /Users/mahmood/Exercism/scala/leap/src/main/scala/Leap.scala. Using presentation compiler with project's scala-library version: 3.3.3[0m
2024.10.19 22:12:31 INFO  no build target found for /Users/mahmood/Exercism/scala/leap/src/main/scala/Leap.scala. Using presentation compiler with project's scala-library version: 3.3.3[0m
2024.10.19 22:12:31 INFO  no build target found for /Users/mahmood/Exercism/scala/leap/src/main/scala/Leap.scala. Using presentation compiler with project's scala-library version: 3.3.3[0m
2024.10.19 22:12:32 INFO  no build target found for /Users/mahmood/Exercism/scala/leap/src/main/scala/Leap.scala. Using presentation compiler with project's scala-library version: 3.3.3[0m
2024.10.19 22:12:32 INFO  no build target found for /Users/mahmood/Exercism/scala/leap/src/main/scala/Leap.scala. Using presentation compiler with project's scala-library version: 3.3.3[0m
2024.10.19 22:12:33 INFO  no build target found for /Users/mahmood/Exercism/scala/leap/src/main/scala/Leap.scala. Using presentation compiler with project's scala-library version: 3.3.3[0m
2024.10.19 22:12:33 INFO  no build target found for /Users/mahmood/Exercism/scala/leap/src/main/scala/Leap.scala. Using presentation compiler with project's scala-library version: 3.3.3[0m
2024.10.19 22:12:35 INFO  no build target found for /Users/mahmood/Exercism/scala/leap/src/main/scala/Leap.scala. Using presentation compiler with project's scala-library version: 3.3.3[0m
2024.10.19 22:12:35 INFO  no build target found for /Users/mahmood/Exercism/scala/leap/src/main/scala/Leap.scala. Using presentation compiler with project's scala-library version: 3.3.3[0m
2024.10.19 22:12:35 INFO  no build target found for /Users/mahmood/Exercism/scala/leap/src/main/scala/Leap.scala. Using presentation compiler with project's scala-library version: 3.3.3[0m
2024.10.19 22:12:39 INFO  no build target found for /Users/mahmood/Exercism/scala/leap/src/main/scala/Leap.scala. Using presentation compiler with project's scala-library version: 3.3.3[0m
2024.10.19 22:12:39 INFO  no build target found for /Users/mahmood/Exercism/scala/leap/src/main/scala/Leap.scala. Using presentation compiler with project's scala-library version: 3.3.3[0m
2024.10.19 22:12:39 INFO  no build target found for /Users/mahmood/Exercism/scala/leap/src/main/scala/Leap.scala. Using presentation compiler with project's scala-library version: 3.3.3[0m
2024.10.19 22:12:41 INFO  no build target found for /Users/mahmood/Exercism/scala/leap/src/main/scala/Leap.scala. Using presentation compiler with project's scala-library version: 3.3.3[0m
2024.10.19 22:12:43 WARN  no build target for: /Users/mahmood/Exercism/scala/leap/src/main/scala/Leap.scala[0m
2024.10.19 22:12:46 INFO  no build target found for /Users/mahmood/Exercism/scala/leap/src/main/scala/Leap.scala. Using presentation compiler with project's scala-library version: 3.3.3[0m
2024.10.19 22:13:01 INFO  no build target found for /Users/mahmood/Exercism/scala/leap/src/main/scala/Leap.scala. Using presentation compiler with project's scala-library version: 3.3.3[0m
2024.10.19 22:13:04 WARN  no build target for: /Users/mahmood/Exercism/scala/leap/src/main/scala/Leap.scala[0m
2024.10.19 22:13:04 INFO  no build target found for /Users/mahmood/Exercism/scala/leap/src/main/scala/Leap.scala. Using presentation compiler with project's scala-library version: 3.3.3[0m
2024.10.19 22:13:06 INFO  no build target found for /Users/mahmood/Exercism/scala/leap/src/main/scala/Leap.scala. Using presentation compiler with project's scala-library version: 3.3.3[0m
2024.10.19 22:13:06 INFO  no build target found for /Users/mahmood/Exercism/scala/leap/src/main/scala/Leap.scala. Using presentation compiler with project's scala-library version: 3.3.3[0m
2024.10.19 22:13:06 INFO  no build target found for /Users/mahmood/Exercism/scala/leap/src/main/scala/Leap.scala. Using presentation compiler with project's scala-library version: 3.3.3[0m
2024.10.19 22:13:06 INFO  no build target found for /Users/mahmood/Exercism/scala/leap/src/main/scala/Leap.scala. Using presentation compiler with project's scala-library version: 3.3.3[0m
2024.10.19 22:13:06 INFO  no build target found for /Users/mahmood/Exercism/scala/leap/src/main/scala/Leap.scala. Using presentation compiler with project's scala-library version: 3.3.3[0m
2024.10.19 22:13:06 INFO  no build target found for /Users/mahmood/Exercism/scala/leap/src/main/scala/Leap.scala. Using presentation compiler with project's scala-library version: 3.3.3[0m
2024.10.19 22:13:06 INFO  no build target found for /Users/mahmood/Exercism/scala/leap/src/main/scala/Leap.scala. Using presentation compiler with project's scala-library version: 3.3.3[0m
2024.10.19 22:13:06 INFO  no build target found for /Users/mahmood/Exercism/scala/leap/src/main/scala/Leap.scala. Using presentation compiler with project's scala-library version: 3.3.3[0m
2024.10.19 22:13:07 INFO  no build target found for /Users/mahmood/Exercism/scala/leap/src/main/scala/Leap.scala. Using presentation compiler with project's scala-library version: 3.3.3[0m
2024.10.19 22:13:07 INFO  no build target found for /Users/mahmood/Exercism/scala/leap/src/main/scala/Leap.scala. Using presentation compiler with project's scala-library version: 3.3.3[0m
2024.10.19 22:13:07 INFO  no build target found for /Users/mahmood/Exercism/scala/leap/src/main/scala/Leap.scala. Using presentation compiler with project's scala-library version: 3.3.3[0m
2024.10.19 22:13:07 INFO  no build target found for /Users/mahmood/Exercism/scala/leap/src/main/scala/Leap.scala. Using presentation compiler with project's scala-library version: 3.3.3[0m
2024.10.19 22:13:07 INFO  no build target found for /Users/mahmood/Exercism/scala/leap/src/main/scala/Leap.scala. Using presentation compiler with project's scala-library version: 3.3.3[0m
2024.10.19 22:13:09 INFO  no build target found for /Users/mahmood/Exercism/scala/leap/src/main/scala/Leap.scala. Using presentation compiler with project's scala-library version: 3.3.3[0m
Exception in thread "pool-2-thread-7" java.lang.OutOfMemoryError: Java heap space
	at java.base/java.lang.StringBuilder.toString(StringBuilder.java:478)
	at java.base/java.util.Formatter.toString(Formatter.java:2638)
	at java.base/java.lang.String.format(String.java:4481)
	at scala.collection.StringOps$.format$extension(StringOps.scala:991)
	at scala.meta.internal.tokenizers.LegacyScanner.reportIllegalCharacter$1(LegacyScanner.scala:237)
	at scala.meta.internal.tokenizers.LegacyScanner.fetchOther$1(LegacyScanner.scala:451)
	at scala.meta.internal.tokenizers.LegacyScanner.fetchToken(LegacyScanner.scala:452)
	at scala.meta.internal.tokenizers.LegacyScanner.scala$meta$internal$tokenizers$LegacyScanner$$nextToken(LegacyScanner.scala:195)
	at scala.meta.internal.tokenizers.LegacyScanner.nextTokenOrEof(LegacyScanner.scala:167)
	at scala.meta.internal.tokenizers.ScalametaTokenizer.loop$1(ScalametaTokenizer.scala:150)
	at scala.meta.internal.tokenizers.ScalametaTokenizer.uncachedTokenize(ScalametaTokenizer.scala:162)
	at scala.meta.internal.tokenizers.ScalametaTokenizer.$anonfun$tokenize$1(ScalametaTokenizer.scala:16)
	at scala.meta.internal.tokenizers.ScalametaTokenizer$$Lambda/0x0000180001567430.apply(Unknown Source)
	at scala.collection.concurrent.TrieMap.getOrElseUpdate(TrieMap.scala:960)
	at scala.meta.internal.tokenizers.ScalametaTokenizer.tokenize(ScalametaTokenizer.scala:16)
	at scala.meta.internal.tokenizers.ScalametaTokenizer$$anon$1.apply(ScalametaTokenizer.scala:313)
	at scala.meta.tokenizers.Api$XtensionTokenizeDialectInput.tokenize(Api.scala:22)
	at scala.meta.tokenizers.Api$XtensionTokenizeInputLike.tokenize(Api.scala:13)
	at scala.meta.internal.parsers.ScannerTokens$.apply(ScannerTokens.scala:924)
	at scala.meta.internal.parsers.ScalametaParser.<init>(ScalametaParser.scala:34)
	at scala.meta.parsers.Parse$$anon$1.apply(Parse.scala:36)
	at scala.meta.internal.mtags.ScalametaCommonEnrichments$XtensionInputOffset.safeParse(ScalametaCommonEnrichments.scala:565)
	at scala.meta.internal.parsing.Trees.$anonfun$parse$2(Trees.scala:150)
	at scala.meta.internal.parsing.Trees$$Lambda/0x00001800017b9a80.apply(Unknown Source)
	at scala.Option.map(Option.scala:242)
	at scala.meta.internal.parsing.Trees.parse(Trees.scala:141)
	at scala.meta.internal.parsing.Trees.didChange(Trees.scala:101)
	at scala.meta.internal.metals.MetalsLspService.$anonfun$parseTreesAndPublishDiags$2(MetalsLspService.scala:631)
	at scala.meta.internal.metals.MetalsLspService$$Lambda/0x00001800016cbcc0.apply$mcV$sp(Unknown Source)
	at scala.runtime.java8.JFunction0$mcV$sp.apply(JFunction0$mcV$sp.scala:18)
	at scala.concurrent.Future$.$anonfun$apply$1(Future.scala:687)
	at scala.concurrent.Future$$$Lambda/0x00001800013dfb98.apply(Unknown Source)
Oct 19, 2024 10:16:12 PM org.eclipse.lsp4j.jsonrpc.RemoteEndpoint handleNotification
WARNING: Notification threw an exception: {
  "jsonrpc": "2.0",
  "method": "textDocument/didChange",
  "params": {
    "textDocument": {
      "version": 11,
      "uri": "file:///Users/mahmood/Exercism/scala/leap/src/main/scala/Leap.scala"
    },
    "contentChanges": [
      {
        "text": "object Leap {\n  def leapYear(year: Int): Boolean \u003d \n\n\n    \u000b:\n    year % 4 \u003d\u003d 0 \u0026\u0026 !(year % 100 \u003d\u003d0)\n\n}\n"
      }
    ]
  }
}
java.lang.IllegalStateException: An unexpected exception occurred while executing jsonrpc method public abstract java.util.concurrent.CompletableFuture scala.meta.metals.lsp.TextDocumentService.didChange(org.eclipse.lsp4j.DidChangeTextDocumentParams)
	at org.eclipse.lsp4j.jsonrpc.services.GenericEndpoint.lambda$recursiveFindRpcMethods$0(GenericEndpoint.java:73)
	at org.eclipse.lsp4j.jsonrpc.services.GenericEndpoint.notify(GenericEndpoint.java:160)
	at org.eclipse.lsp4j.jsonrpc.RemoteEndpoint.handleNotification(RemoteEndpoint.java:231)
	at org.eclipse.lsp4j.jsonrpc.RemoteEndpoint.consume(RemoteEndpoint.java:198)
	at org.eclipse.lsp4j.jsonrpc.json.StreamMessageProducer.handleMessage(StreamMessageProducer.java:185)
	at org.eclipse.lsp4j.jsonrpc.json.StreamMessageProducer.listen(StreamMessageProducer.java:97)
	at org.eclipse.lsp4j.jsonrpc.json.ConcurrentMessageProcessor.run(ConcurrentMessageProcessor.java:114)
	at java.base/java.util.concurrent.Executors$RunnableAdapter.call(Executors.java:572)
	at java.base/java.util.concurrent.FutureTask.run(FutureTask.java:317)
	at java.base/java.util.concurrent.ThreadPoolExecutor.runWorker(ThreadPoolExecutor.java:1144)
	at java.base/java.util.concurrent.ThreadPoolExecutor$Worker.run(ThreadPoolExecutor.java:642)
	at java.base/java.lang.Thread.run(Thread.java:1575)
Caused by: org.h2.jdbc.JdbcSQLNonTransientConnectionException: Out of memory. [90108-230]
	at org.h2.message.DbException.getJdbcSQLException(DbException.java:690)
	at org.h2.message.DbException.getJdbcSQLException(DbException.java:489)
	at org.h2.message.DbException.get(DbException.java:212)
	at org.h2.engine.Database.throwLastBackgroundException(Database.java:1816)
	at org.h2.engine.SessionLocal.beforeCommitOrRollback(SessionLocal.java:769)
	at org.h2.engine.SessionLocal.commit(SessionLocal.java:684)
	at org.h2.command.Command.stop(Command.java:162)
	at org.h2.command.Command.executeQuery(Command.java:235)
	at org.h2.jdbc.JdbcPreparedStatement.executeQuery(JdbcPreparedStatement.java:130)
	at scala.meta.internal.metals.JdbcEnrichments$XtensionConnection.query(JdbcEnrichments.scala:37)
	at scala.meta.internal.metals.DependencySources.getBuildTarget(DependencySources.scala:27)
	at scala.meta.internal.metals.BuildTargets.$anonfun$inverseSources$2(BuildTargets.scala:259)
	at scala.Option.flatMap(Option.scala:283)
	at scala.meta.internal.metals.BuildTargets.inverseSources(BuildTargets.scala:259)
	at scala.meta.internal.metals.Compilers.fromBuildTarget$1(Compilers.scala:1070)
	at scala.meta.internal.metals.Compilers.loadCompiler(Compilers.scala:1095)
	at scala.meta.internal.metals.Compilers.didChange(Compilers.scala:229)
	at scala.meta.internal.metals.MetalsLspService.didChange(MetalsLspService.scala:871)
	at scala.meta.internal.metals.ProjectMetalsLspService.didChange(ProjectMetalsLspService.scala:242)
	at scala.meta.internal.metals.WorkspaceLspService.didChange(WorkspaceLspService.scala:407)
	at scala.meta.metals.lsp.DelegatingScalaService.didChange(DelegatingScalaService.scala:50)
	at java.base/jdk.internal.reflect.DirectMethodHandleAccessor.invoke(DirectMethodHandleAccessor.java:103)
	at java.base/java.lang.reflect.Method.invoke(Method.java:580)
	at org.eclipse.lsp4j.jsonrpc.services.GenericEndpoint.lambda$recursiveFindRpcMethods$0(GenericEndpoint.java:65)
	... 11 more
Caused by: org.h2.message.DbException: Out of memory. [90108-230]
	at org.h2.message.DbException.get(DbException.java:212)
	at org.h2.message.DbException.convert(DbException.java:401)
	at org.h2.mvstore.db.Store.lambda$new$0(Store.java:122)
	at org.h2.mvstore.MVStore.handleException(MVStore.java:1546)
	at org.h2.mvstore.FileStore.writeInBackground(FileStore.java:1845)
	at org.h2.mvstore.FileStore$BackgroundWriterThread.run(FileStore.java:2254)
Caused by: org.h2.jdbc.JdbcSQLNonTransientConnectionException: Out of memory. [90108-230]
	at org.h2.message.DbException.getJdbcSQLException(DbException.java:690)
	at org.h2.message.DbException.getJdbcSQLException(DbException.java:489)
	... 6 more
Caused by: java.lang.OutOfMemoryError: Java heap space
	at java.base/java.util.concurrent.ConcurrentHashMap$ValuesView.iterator(ConcurrentHashMap.java:4748)
	at org.h2.mvstore.MVStore.hasUnsavedChanges(MVStore.java:908)
	at org.h2.mvstore.MVStore.store(MVStore.java:796)
	at org.h2.mvstore.MVStore.tryCommit(MVStore.java:744)
	at org.h2.mvstore.MVStore.tryCommit(MVStore.java:737)
	at org.h2.mvstore.FileStore.writeInBackground(FileStore.java:1837)
	... 1 more

2024.10.19 22:16:12 INFO  no build target found for /Users/mahmood/Exercism/scala/leap/src/main/scala/Leap.scala. Using presentation compiler with project's scala-library version: 3.3.3[0m
2024.10.19 22:16:12 INFO  no build target found for /Users/mahmood/Exercism/scala/leap/src/main/scala/Leap.scala. Using presentation compiler with project's scala-library version: 3.3.3[0m
2024.10.19 22:16:12 INFO  no build target found for /Users/mahmood/Exercism/scala/leap/src/main/scala/Leap.scala. Using presentation compiler with project's scala-library version: 3.3.3[0m
2024.10.19 22:16:12 INFO  no build target found for /Users/mahmood/Exercism/scala/leap/src/main/scala/Leap.scala. Using presentation compiler with project's scala-library version: 3.3.3[0m
2024.10.19 22:16:12 INFO  no build target found for /Users/mahmood/Exercism/scala/leap/src/main/scala/Leap.scala. Using presentation compiler with project's scala-library version: 3.3.3[0m
2024.10.19 22:16:12 INFO  no build target found for /Users/mahmood/Exercism/scala/leap/src/main/scala/Leap.scala. Using presentation compiler with project's scala-library version: 3.3.3[0m
2024.10.19 22:16:12 INFO  no build target found for /Users/mahmood/Exercism/scala/leap/src/main/scala/Leap.scala. Using presentation compiler with project's scala-library version: 3.3.3[0m
2024.10.19 22:16:12 INFO  Shutting down server[0m
2024.10.19 22:16:12 INFO  shutting down Metals[0m
2024.10.19 22:16:57 INFO  Started: Metals version 1.3.5 in folders '/Users/mahmood/Exercism/scala/leap' for client Neovim 0.10.2.[0m
SLF4J(W): Class path contains multiple SLF4J providers.
SLF4J(W): Found provider [scribe.slf4j.ScribeServiceProvider@4e39a7ac]
SLF4J(W): Found provider [ch.qos.logback.classic.spi.LogbackServiceProvider@4eee965f]
SLF4J(W): See https://www.slf4j.org/codes.html#multiple_bindings for an explanation.
SLF4J(I): Actual provider is of type [scribe.slf4j.ScribeServiceProvider@4e39a7ac]
2024.10.19 22:16:57 WARN  Flyway upgrade recommended: H2 2.3.230 is newer than this version of Flyway and support has not been tested. The latest supported version of H2 is 2.2.220.[0m
2024.10.19 22:16:57 INFO  no build target found for /Users/mahmood/Exercism/scala/leap/src/main/scala/Leap.scala. Using presentation compiler with project's scala-library version: 3.3.3[0m
2024.10.19 22:17:00 INFO  no build target found for /Users/mahmood/Exercism/scala/leap/src/main/scala/Leap.scala. Using presentation compiler with project's scala-library version: 3.3.3[0m
2024.10.19 22:17:00 INFO  no build target found for /Users/mahmood/Exercism/scala/leap/src/main/scala/Leap.scala. Using presentation compiler with project's scala-library version: 3.3.3[0m
2024.10.19 22:17:01 INFO  Shutting down server[0m
2024.10.19 22:17:01 INFO  shutting down Metals[0m
2024.10.19 22:17:12 INFO  Started: Metals version 1.3.5 in folders '/Users/mahmood/Exercism/scala/leap' for client Neovim 0.10.2.[0m
SLF4J(W): Class path contains multiple SLF4J providers.
SLF4J(W): Found provider [scribe.slf4j.ScribeServiceProvider@1e5b0c3d]
SLF4J(W): Found provider [ch.qos.logback.classic.spi.LogbackServiceProvider@720d9c1d]
SLF4J(W): See https://www.slf4j.org/codes.html#multiple_bindings for an explanation.
SLF4J(I): Actual provider is of type [scribe.slf4j.ScribeServiceProvider@1e5b0c3d]
2024.10.19 22:17:12 WARN  Flyway upgrade recommended: H2 2.3.230 is newer than this version of Flyway and support has not been tested. The latest supported version of H2 is 2.2.220.[0m
2024.10.19 22:17:13 INFO  skipping build import with status 'Dismissed'[0m
2024.10.19 22:17:13 INFO  no build target found for /Users/mahmood/Exercism/scala/leap/src/main/scala/Leap.scala. Using presentation compiler with project's scala-library version: 3.3.3[0m
2024.10.19 22:17:13 INFO  no build target found for /Users/mahmood/Exercism/scala/leap/src/main/scala/Leap.scala. Using presentation compiler with project's scala-library version: 3.3.3[0m
2024.10.19 22:17:13 INFO  no build target found for /Users/mahmood/Exercism/scala/leap/src/main/scala/Leap.scala. Using presentation compiler with project's scala-library version: 3.3.3[0m
2024.10.19 22:17:14 INFO  no build target found for /Users/mahmood/Exercism/scala/leap/src/main/scala/Leap.scala. Using presentation compiler with project's scala-library version: 3.3.3[0m
2024.10.19 22:17:14 INFO  no build target found for /Users/mahmood/Exercism/scala/leap/src/main/scala/Leap.scala. Using presentation compiler with project's scala-library version: 3.3.3[0m
2024.10.19 22:17:14 INFO  no build target found for /Users/mahmood/Exercism/scala/leap/src/main/scala/Leap.scala. Using presentation compiler with project's scala-library version: 3.3.3[0m
2024.10.19 22:17:17 INFO  no build target found for /Users/mahmood/Exercism/scala/leap/src/main/scala/Leap.scala. Using presentation compiler with project's scala-library version: 3.3.3[0m
2024.10.19 22:17:17 INFO  no build target found for /Users/mahmood/Exercism/scala/leap/src/main/scala/Leap.scala. Using presentation compiler with project's scala-library version: 3.3.3[0m
2024.10.19 22:17:18 INFO  no build target found for /Users/mahmood/Exercism/scala/leap/src/main/scala/Leap.scala. Using presentation compiler with project's scala-library version: 3.3.3[0m
2024.10.19 22:17:18 INFO  no build target found for /Users/mahmood/Exercism/scala/leap/src/main/scala/Leap.scala. Using presentation compiler with project's scala-library version: 3.3.3[0m
2024.10.19 22:17:19 INFO  no build target found for /Users/mahmood/Exercism/scala/leap/src/main/scala/Leap.scala. Using presentation compiler with project's scala-library version: 3.3.3[0m
2024.10.19 22:17:19 INFO  no build target found for /Users/mahmood/Exercism/scala/leap/src/main/scala/Leap.scala. Using presentation compiler with project's scala-library version: 3.3.3[0m
2024.10.19 22:17:19 INFO  no build target found for /Users/mahmood/Exercism/scala/leap/src/main/scala/Leap.scala. Using presentation compiler with project's scala-library version: 3.3.3[0m
2024.10.19 22:17:20 INFO  no build target found for /Users/mahmood/Exercism/scala/leap/src/main/scala/Leap.scala. Using presentation compiler with project's scala-library version: 3.3.3[0m
2024.10.19 22:17:20 INFO  no build target found for /Users/mahmood/Exercism/scala/leap/src/main/scala/Leap.scala. Using presentation compiler with project's scala-library version: 3.3.3[0m
2024.10.19 22:17:20 INFO  no build target found for /Users/mahmood/Exercism/scala/leap/src/main/scala/Leap.scala. Using presentation compiler with project's scala-library version: 3.3.3[0m
2024.10.19 22:17:22 INFO  no build target found for /Users/mahmood/Exercism/scala/leap/src/main/scala/Leap.scala. Using presentation compiler with project's scala-library version: 3.3.3[0m
2024.10.19 22:17:29 INFO  no build target found for /Users/mahmood/Exercism/scala/leap/src/main/scala/Leap.scala. Using presentation compiler with project's scala-library version: 3.3.3[0m
2024.10.19 22:17:29 INFO  no build target found for /Users/mahmood/Exercism/scala/leap/src/main/scala/Leap.scala. Using presentation compiler with project's scala-library version: 3.3.3[0m
2024.10.19 22:17:31 WARN  no build target for: /Users/mahmood/Exercism/scala/leap/src/main/scala/Leap.scala[0m
2024.10.19 22:17:31 INFO  no build target found for /Users/mahmood/Exercism/scala/leap/src/main/scala/Leap.scala. Using presentation compiler with project's scala-library version: 3.3.3[0m
2024.10.19 22:17:32 INFO  no build target found for /Users/mahmood/Exercism/scala/leap/src/main/scala/Leap.scala. Using presentation compiler with project's scala-library version: 3.3.3[0m
2024.10.19 22:17:32 INFO  no build target found for /Users/mahmood/Exercism/scala/leap/src/main/scala/Leap.scala. Using presentation compiler with project's scala-library version: 3.3.3[0m
2024.10.19 22:17:32 INFO  no build target found for /Users/mahmood/Exercism/scala/leap/src/main/scala/Leap.scala. Using presentation compiler with project's scala-library version: 3.3.3[0m
2024.10.19 22:17:32 INFO  no build target found for /Users/mahmood/Exercism/scala/leap/src/main/scala/Leap.scala. Using presentation compiler with project's scala-library version: 3.3.3[0m
2024.10.19 22:17:32 INFO  no build target found for /Users/mahmood/Exercism/scala/leap/src/main/scala/Leap.scala. Using presentation compiler with project's scala-library version: 3.3.3[0m
2024.10.19 22:17:33 INFO  no build target found for /Users/mahmood/Exercism/scala/leap/src/main/scala/Leap.scala. Using presentation compiler with project's scala-library version: 3.3.3[0m
2024.10.19 22:17:33 INFO  no build target found for /Users/mahmood/Exercism/scala/leap/src/main/scala/Leap.scala. Using presentation compiler with project's scala-library version: 3.3.3[0m
2024.10.19 22:17:33 INFO  no build target found for /Users/mahmood/Exercism/scala/leap/src/main/scala/Leap.scala. Using presentation compiler with project's scala-library version: 3.3.3[0m
2024.10.19 22:17:33 INFO  no build target found for /Users/mahmood/Exercism/scala/leap/src/main/scala/Leap.scala. Using presentation compiler with project's scala-library version: 3.3.3[0m
2024.10.19 22:17:33 INFO  no build target found for /Users/mahmood/Exercism/scala/leap/src/main/scala/Leap.scala. Using presentation compiler with project's scala-library version: 3.3.3[0m
2024.10.19 22:17:33 INFO  no build target found for /Users/mahmood/Exercism/scala/leap/src/main/scala/Leap.scala. Using presentation compiler with project's scala-library version: 3.3.3[0m
2024.10.19 22:17:33 INFO  no build target found for /Users/mahmood/Exercism/scala/leap/src/main/scala/Leap.scala. Using presentation compiler with project's scala-library version: 3.3.3[0m
2024.10.19 22:17:33 INFO  no build target found for /Users/mahmood/Exercism/scala/leap/src/main/scala/Leap.scala. Using presentation compiler with project's scala-library version: 3.3.3[0m
2024.10.19 22:17:37 INFO  no build target found for /Users/mahmood/Exercism/scala/leap/src/main/scala/Leap.scala. Using presentation compiler with project's scala-library version: 3.3.3[0m
2024.10.19 22:17:38 INFO  no build target found for /Users/mahmood/Exercism/scala/leap/src/main/scala/Leap.scala. Using presentation compiler with project's scala-library version: 3.3.3[0m
2024.10.19 22:18:05 INFO  no build target found for /Users/mahmood/Exercism/scala/leap/src/main/scala/Leap.scala. Using presentation compiler with project's scala-library version: 3.3.3[0m
2024.10.19 22:18:07 INFO  Shutting down server[0m
2024.10.19 22:18:07 INFO  shutting down Metals[0m
2024.10.19 22:18:34 INFO  Started: Metals version 1.3.5 in folders '/Users/mahmood/Exercism/scala/leap' for client Neovim 0.10.2.[0m
SLF4J(W): Class path contains multiple SLF4J providers.
SLF4J(W): Found provider [scribe.slf4j.ScribeServiceProvider@74dfe550]
SLF4J(W): Found provider [ch.qos.logback.classic.spi.LogbackServiceProvider@3f5ec4d7]
SLF4J(W): See https://www.slf4j.org/codes.html#multiple_bindings for an explanation.
SLF4J(I): Actual provider is of type [scribe.slf4j.ScribeServiceProvider@74dfe550]
2024.10.19 22:18:34 WARN  Flyway upgrade recommended: H2 2.3.230 is newer than this version of Flyway and support has not been tested. The latest supported version of H2 is 2.2.220.[0m
2024.10.19 22:18:34 INFO  no build target found for /Users/mahmood/Exercism/scala/leap/src/main/scala/Leap.scala. Using presentation compiler with project's scala-library version: 3.3.3[0m
2024.10.19 22:18:35 INFO  skipping build import with status 'Dismissed'[0m
2024.10.19 22:18:35 INFO  no build target found for /Users/mahmood/Exercism/scala/leap/src/main/scala/Leap.scala. Using presentation compiler with project's scala-library version: 3.3.3[0m
2024.10.19 22:18:50 INFO  no build target found for /Users/mahmood/Exercism/scala/leap/src/main/scala/Leap.scala. Using presentation compiler with project's scala-library version: 3.3.3[0m
2024.10.19 22:18:51 WARN  no build target for: /Users/mahmood/Exercism/scala/leap/src/main/scala/Leap.scala[0m
2024.10.19 22:18:52 INFO  no build target found for /Users/mahmood/Exercism/scala/leap/src/main/scala/Leap.scala. Using presentation compiler with project's scala-library version: 3.3.3[0m
2024.10.19 22:18:55 INFO  no build target found for /Users/mahmood/Exercism/scala/leap/src/main/scala/Leap.scala. Using presentation compiler with project's scala-library version: 3.3.3[0m
2024.10.19 22:18:55 INFO  no build target found for /Users/mahmood/Exercism/scala/leap/src/main/scala/Leap.scala. Using presentation compiler with project's scala-library version: 3.3.3[0m
2024.10.19 22:19:14 INFO  no build target found for /Users/mahmood/Exercism/scala/leap/src/main/scala/Leap.scala. Using presentation compiler with project's scala-library version: 3.3.3[0m
2024.10.19 22:19:17 INFO  no build target found for /Users/mahmood/Exercism/scala/leap/src/main/scala/Leap.scala. Using presentation compiler with project's scala-library version: 3.3.3[0m
2024.10.19 22:19:19 INFO  Shutting down server[0m
2024.10.19 22:19:19 INFO  shutting down Metals[0m
2024.10.19 22:21:27 INFO  Started: Metals version 1.3.5 in folders '/Users/mahmood/Exercism/scala/leap' for client Neovim 0.10.2.[0m
SLF4J(W): Class path contains multiple SLF4J providers.
SLF4J(W): Found provider [scribe.slf4j.ScribeServiceProvider@2a362b3c]
SLF4J(W): Found provider [ch.qos.logback.classic.spi.LogbackServiceProvider@4c681563]
SLF4J(W): See https://www.slf4j.org/codes.html#multiple_bindings for an explanation.
SLF4J(I): Actual provider is of type [scribe.slf4j.ScribeServiceProvider@2a362b3c]
2024.10.19 22:21:27 WARN  Flyway upgrade recommended: H2 2.3.230 is newer than this version of Flyway and support has not been tested. The latest supported version of H2 is 2.2.220.[0m
2024.10.19 22:21:27 INFO  no build target found for /Users/mahmood/Exercism/scala/leap/src/main/scala/Leap.scala. Using presentation compiler with project's scala-library version: 3.3.3[0m
2024.10.19 22:22:09 INFO  no build target found for /Users/mahmood/Exercism/scala/leap/src/main/scala/Leap.scala. Using presentation compiler with project's scala-library version: 3.3.3[0m
2024.10.19 22:22:09 INFO  no build target found for /Users/mahmood/Exercism/scala/leap/src/main/scala/Leap.scala. Using presentation compiler with project's scala-library version: 3.3.3[0m
2024.10.19 22:22:09 INFO  no build target found for /Users/mahmood/Exercism/scala/leap/src/main/scala/Leap.scala. Using presentation compiler with project's scala-library version: 3.3.3[0m
2024.10.19 22:22:10 INFO  no build target found for /Users/mahmood/Exercism/scala/leap/src/main/scala/Leap.scala. Using presentation compiler with project's scala-library version: 3.3.3[0m
2024.10.19 22:22:10 INFO  no build target found for /Users/mahmood/Exercism/scala/leap/src/main/scala/Leap.scala. Using presentation compiler with project's scala-library version: 3.3.3[0m
2024.10.19 22:22:11 INFO  no build target found for /Users/mahmood/Exercism/scala/leap/src/main/scala/Leap.scala. Using presentation compiler with project's scala-library version: 3.3.3[0m
2024.10.19 22:22:29 INFO  no build target found for /Users/mahmood/Exercism/scala/leap/src/main/scala/Leap.scala. Using presentation compiler with project's scala-library version: 3.3.3[0m
2024.10.19 22:22:30 INFO  no build target found for /Users/mahmood/Exercism/scala/leap/src/main/scala/Leap.scala. Using presentation compiler with project's scala-library version: 3.3.3[0m
2024.10.19 22:22:30 INFO  no build target found for /Users/mahmood/Exercism/scala/leap/src/main/scala/Leap.scala. Using presentation compiler with project's scala-library version: 3.3.3[0m
2024.10.19 22:22:32 INFO  no build target found for /Users/mahmood/Exercism/scala/leap/src/main/scala/Leap.scala. Using presentation compiler with project's scala-library version: 3.3.3[0m
2024.10.19 22:22:32 INFO  no build target found for /Users/mahmood/Exercism/scala/leap/src/main/scala/Leap.scala. Using presentation compiler with project's scala-library version: 3.3.3[0m
2024.10.19 22:22:33 INFO  no build target found for /Users/mahmood/Exercism/scala/leap/src/main/scala/Leap.scala. Using presentation compiler with project's scala-library version: 3.3.3[0m
2024.10.19 22:22:34 INFO  no build target found for /Users/mahmood/Exercism/scala/leap/src/main/scala/Leap.scala. Using presentation compiler with project's scala-library version: 3.3.3[0m
2024.10.19 22:22:34 INFO  no build target found for /Users/mahmood/Exercism/scala/leap/src/main/scala/Leap.scala. Using presentation compiler with project's scala-library version: 3.3.3[0m
2024.10.19 22:22:35 INFO  no build target found for /Users/mahmood/Exercism/scala/leap/src/main/scala/Leap.scala. Using presentation compiler with project's scala-library version: 3.3.3[0m
2024.10.19 22:22:35 INFO  no build target found for /Users/mahmood/Exercism/scala/leap/src/main/scala/Leap.scala. Using presentation compiler with project's scala-library version: 3.3.3[0m
2024.10.19 22:22:36 INFO  no build target found for /Users/mahmood/Exercism/scala/leap/src/main/scala/Leap.scala. Using presentation compiler with project's scala-library version: 3.3.3[0m
2024.10.19 22:22:39 INFO  no build target found for /Users/mahmood/Exercism/scala/leap/src/main/scala/Leap.scala. Using presentation compiler with project's scala-library version: 3.3.3[0m
2024.10.19 22:22:40 INFO  no build target found for /Users/mahmood/Exercism/scala/leap/src/main/scala/Leap.scala. Using presentation compiler with project's scala-library version: 3.3.3[0m
2024.10.19 22:22:40 INFO  no build target found for /Users/mahmood/Exercism/scala/leap/src/main/scala/Leap.scala. Using presentation compiler with project's scala-library version: 3.3.3[0m
2024.10.19 22:22:40 INFO  no build target found for /Users/mahmood/Exercism/scala/leap/src/main/scala/Leap.scala. Using presentation compiler with project's scala-library version: 3.3.3[0m
2024.10.19 22:22:40 INFO  no build target found for /Users/mahmood/Exercism/scala/leap/src/main/scala/Leap.scala. Using presentation compiler with project's scala-library version: 3.3.3[0m
2024.10.19 22:22:40 INFO  no build target found for /Users/mahmood/Exercism/scala/leap/src/main/scala/Leap.scala. Using presentation compiler with project's scala-library version: 3.3.3[0m
2024.10.19 22:22:40 INFO  no build target found for /Users/mahmood/Exercism/scala/leap/src/main/scala/Leap.scala. Using presentation compiler with project's scala-library version: 3.3.3[0m
2024.10.19 22:22:41 INFO  no build target found for /Users/mahmood/Exercism/scala/leap/src/main/scala/Leap.scala. Using presentation compiler with project's scala-library version: 3.3.3[0m
2024.10.19 22:22:41 INFO  no build target found for /Users/mahmood/Exercism/scala/leap/src/main/scala/Leap.scala. Using presentation compiler with project's scala-library version: 3.3.3[0m
2024.10.19 22:22:41 INFO  no build target found for /Users/mahmood/Exercism/scala/leap/src/main/scala/Leap.scala. Using presentation compiler with project's scala-library version: 3.3.3[0m
2024.10.19 22:22:41 INFO  no build target found for /Users/mahmood/Exercism/scala/leap/src/main/scala/Leap.scala. Using presentation compiler with project's scala-library version: 3.3.3[0m
2024.10.19 22:22:42 INFO  no build target found for /Users/mahmood/Exercism/scala/leap/src/main/scala/Leap.scala. Using presentation compiler with project's scala-library version: 3.3.3[0m
2024.10.19 22:22:42 INFO  no build target found for /Users/mahmood/Exercism/scala/leap/src/main/scala/Leap.scala. Using presentation compiler with project's scala-library version: 3.3.3[0m
2024.10.19 22:22:42 INFO  no build target found for /Users/mahmood/Exercism/scala/leap/src/main/scala/Leap.scala. Using presentation compiler with project's scala-library version: 3.3.3[0m
2024.10.19 22:22:42 INFO  no build target found for /Users/mahmood/Exercism/scala/leap/src/main/scala/Leap.scala. Using presentation compiler with project's scala-library version: 3.3.3[0m
2024.10.19 22:22:47 INFO  no build target found for /Users/mahmood/Exercism/scala/leap/src/main/scala/Leap.scala. Using presentation compiler with project's scala-library version: 3.3.3[0m
2024.10.19 22:22:47 INFO  no build target found for /Users/mahmood/Exercism/scala/leap/src/main/scala/Leap.scala. Using presentation compiler with project's scala-library version: 3.3.3[0m
2024.10.19 22:22:49 INFO  no build target found for /Users/mahmood/Exercism/scala/leap/src/main/scala/Leap.scala. Using presentation compiler with project's scala-library version: 3.3.3[0m
2024.10.19 22:22:49 INFO  no build target found for /Users/mahmood/Exercism/scala/leap/src/main/scala/Leap.scala. Using presentation compiler with project's scala-library version: 3.3.3[0m
2024.10.19 22:22:49 INFO  no build target found for /Users/mahmood/Exercism/scala/leap/src/main/scala/Leap.scala. Using presentation compiler with project's scala-library version: 3.3.3[0m
2024.10.19 22:22:49 INFO  no build target found for /Users/mahmood/Exercism/scala/leap/src/main/scala/Leap.scala. Using presentation compiler with project's scala-library version: 3.3.3[0m
2024.10.19 22:22:50 INFO  no build target found for /Users/mahmood/Exercism/scala/leap/src/main/scala/Leap.scala. Using presentation compiler with project's scala-library version: 3.3.3[0m
2024.10.19 22:22:50 INFO  no build target found for /Users/mahmood/Exercism/scala/leap/src/main/scala/Leap.scala. Using presentation compiler with project's scala-library version: 3.3.3[0m
2024.10.19 22:22:50 INFO  no build target found for /Users/mahmood/Exercism/scala/leap/src/main/scala/Leap.scala. Using presentation compiler with project's scala-library version: 3.3.3[0m
2024.10.19 22:22:52 INFO  no build target found for /Users/mahmood/Exercism/scala/leap/src/main/scala/Leap.scala. Using presentation compiler with project's scala-library version: 3.3.3[0m
2024.10.19 22:22:53 INFO  no build target found for /Users/mahmood/Exercism/scala/leap/src/main/scala/Leap.scala. Using presentation compiler with project's scala-library version: 3.3.3[0m
2024.10.19 22:22:53 INFO  no build target found for /Users/mahmood/Exercism/scala/leap/src/main/scala/Leap.scala. Using presentation compiler with project's scala-library version: 3.3.3[0m
2024.10.19 22:22:53 INFO  no build target found for /Users/mahmood/Exercism/scala/leap/src/main/scala/Leap.scala. Using presentation compiler with project's scala-library version: 3.3.3[0m
2024.10.19 22:22:55 INFO  no build target found for /Users/mahmood/Exercism/scala/leap/src/main/scala/Leap.scala. Using presentation compiler with project's scala-library version: 3.3.3[0m
2024.10.19 22:22:55 INFO  no build target found for /Users/mahmood/Exercism/scala/leap/src/main/scala/Leap.scala. Using presentation compiler with project's scala-library version: 3.3.3[0m
2024.10.19 22:22:55 INFO  no build target found for /Users/mahmood/Exercism/scala/leap/src/main/scala/Leap.scala. Using presentation compiler with project's scala-library version: 3.3.3[0m
2024.10.19 22:22:55 INFO  no build target found for /Users/mahmood/Exercism/scala/leap/src/main/scala/Leap.scala. Using presentation compiler with project's scala-library version: 3.3.3[0m
2024.10.19 22:22:56 INFO  no build target found for /Users/mahmood/Exercism/scala/leap/src/main/scala/Leap.scala. Using presentation compiler with project's scala-library version: 3.3.3[0m
2024.10.19 22:22:56 INFO  no build target found for /Users/mahmood/Exercism/scala/leap/src/main/scala/Leap.scala. Using presentation compiler with project's scala-library version: 3.3.3[0m
2024.10.19 22:22:56 INFO  no build target found for /Users/mahmood/Exercism/scala/leap/src/main/scala/Leap.scala. Using presentation compiler with project's scala-library version: 3.3.3[0m
2024.10.19 22:22:56 INFO  no build target found for /Users/mahmood/Exercism/scala/leap/src/main/scala/Leap.scala. Using presentation compiler with project's scala-library version: 3.3.3[0m
2024.10.19 22:22:57 INFO  no build target found for /Users/mahmood/Exercism/scala/leap/src/main/scala/Leap.scala. Using presentation compiler with project's scala-library version: 3.3.3[0m
2024.10.19 22:22:57 INFO  no build target found for /Users/mahmood/Exercism/scala/leap/src/main/scala/Leap.scala. Using presentation compiler with project's scala-library version: 3.3.3[0m
2024.10.19 22:22:57 INFO  no build target found for /Users/mahmood/Exercism/scala/leap/src/main/scala/Leap.scala. Using presentation compiler with project's scala-library version: 3.3.3[0m
2024.10.19 22:22:57 INFO  no build target found for /Users/mahmood/Exercism/scala/leap/src/main/scala/Leap.scala. Using presentation compiler with project's scala-library version: 3.3.3[0m
2024.10.19 22:22:57 INFO  no build target found for /Users/mahmood/Exercism/scala/leap/src/main/scala/Leap.scala. Using presentation compiler with project's scala-library version: 3.3.3[0m
2024.10.19 22:22:57 INFO  no build target found for /Users/mahmood/Exercism/scala/leap/src/main/scala/Leap.scala. Using presentation compiler with project's scala-library version: 3.3.3[0m
2024.10.19 22:22:57 INFO  no build target found for /Users/mahmood/Exercism/scala/leap/src/main/scala/Leap.scala. Using presentation compiler with project's scala-library version: 3.3.3[0m
2024.10.19 22:22:59 INFO  no build target found for /Users/mahmood/Exercism/scala/leap/src/main/scala/Leap.scala. Using presentation compiler with project's scala-library version: 3.3.3[0m
2024.10.19 22:22:59 INFO  no build target found for /Users/mahmood/Exercism/scala/leap/src/main/scala/Leap.scala. Using presentation compiler with project's scala-library version: 3.3.3[0m
2024.10.19 22:23:04 INFO  no build target found for /Users/mahmood/Exercism/scala/leap/src/main/scala/Leap.scala. Using presentation compiler with project's scala-library version: 3.3.3[0m
2024.10.19 22:23:04 INFO  no build target found for /Users/mahmood/Exercism/scala/leap/src/main/scala/Leap.scala. Using presentation compiler with project's scala-library version: 3.3.3[0m
2024.10.19 22:23:20 INFO  no build target found for /Users/mahmood/Exercism/scala/leap/src/main/scala/Leap.scala. Using presentation compiler with project's scala-library version: 3.3.3[0m
2024.10.19 22:23:21 INFO  no build target found for /Users/mahmood/Exercism/scala/leap/src/main/scala/Leap.scala. Using presentation compiler with project's scala-library version: 3.3.3[0m
2024.10.19 22:23:28 INFO  no build target found for /Users/mahmood/Exercism/scala/leap/src/main/scala/Leap.scala. Using presentation compiler with project's scala-library version: 3.3.3[0m
2024.10.19 22:23:28 INFO  no build target found for /Users/mahmood/Exercism/scala/leap/src/main/scala/Leap.scala. Using presentation compiler with project's scala-library version: 3.3.3[0m
2024.10.19 22:23:28 INFO  no build target found for /Users/mahmood/Exercism/scala/leap/src/main/scala/Leap.scala. Using presentation compiler with project's scala-library version: 3.3.3[0m
2024.10.19 22:23:29 INFO  no build target found for /Users/mahmood/Exercism/scala/leap/src/main/scala/Leap.scala. Using presentation compiler with project's scala-library version: 3.3.3[0m
2024.10.19 22:23:29 INFO  no build target found for /Users/mahmood/Exercism/scala/leap/src/main/scala/Leap.scala. Using presentation compiler with project's scala-library version: 3.3.3[0m
2024.10.19 22:23:29 INFO  no build target found for /Users/mahmood/Exercism/scala/leap/src/main/scala/Leap.scala. Using presentation compiler with project's scala-library version: 3.3.3[0m
2024.10.19 22:23:31 INFO  no build target found for /Users/mahmood/Exercism/scala/leap/src/main/scala/Leap.scala. Using presentation compiler with project's scala-library version: 3.3.3[0m
2024.10.19 22:23:31 INFO  no build target found for /Users/mahmood/Exercism/scala/leap/src/main/scala/Leap.scala. Using presentation compiler with project's scala-library version: 3.3.3[0m
2024.10.19 22:23:32 INFO  no build target found for /Users/mahmood/Exercism/scala/leap/src/main/scala/Leap.scala. Using presentation compiler with project's scala-library version: 3.3.3[0m
2024.10.19 22:23:32 INFO  no build target found for /Users/mahmood/Exercism/scala/leap/src/main/scala/Leap.scala. Using presentation compiler with project's scala-library version: 3.3.3[0m
2024.10.19 22:23:32 INFO  no build target found for /Users/mahmood/Exercism/scala/leap/src/main/scala/Leap.scala. Using presentation compiler with project's scala-library version: 3.3.3[0m
2024.10.19 22:23:33 INFO  no build target found for /Users/mahmood/Exercism/scala/leap/src/main/scala/Leap.scala. Using presentation compiler with project's scala-library version: 3.3.3[0m
2024.10.19 22:23:33 INFO  no build target found for /Users/mahmood/Exercism/scala/leap/src/main/scala/Leap.scala. Using presentation compiler with project's scala-library version: 3.3.3[0m
2024.10.19 22:23:33 INFO  no build target found for /Users/mahmood/Exercism/scala/leap/src/main/scala/Leap.scala. Using presentation compiler with project's scala-library version: 3.3.3[0m
2024.10.19 22:23:33 INFO  no build target found for /Users/mahmood/Exercism/scala/leap/src/main/scala/Leap.scala. Using presentation compiler with project's scala-library version: 3.3.3[0m
2024.10.19 22:23:33 INFO  no build target found for /Users/mahmood/Exercism/scala/leap/src/main/scala/Leap.scala. Using presentation compiler with project's scala-library version: 3.3.3[0m
2024.10.19 22:23:33 INFO  no build target found for /Users/mahmood/Exercism/scala/leap/src/main/scala/Leap.scala. Using presentation compiler with project's scala-library version: 3.3.3[0m
2024.10.19 22:23:34 INFO  no build target found for /Users/mahmood/Exercism/scala/leap/src/main/scala/Leap.scala. Using presentation compiler with project's scala-library version: 3.3.3[0m
2024.10.19 22:23:34 INFO  no build target found for /Users/mahmood/Exercism/scala/leap/src/main/scala/Leap.scala. Using presentation compiler with project's scala-library version: 3.3.3[0m
2024.10.19 22:23:36 INFO  no build target found for /Users/mahmood/Exercism/scala/leap/src/main/scala/Leap.scala. Using presentation compiler with project's scala-library version: 3.3.3[0m
2024.10.19 22:23:40 INFO  no build target found for /Users/mahmood/Exercism/scala/leap/src/main/scala/Leap.scala. Using presentation compiler with project's scala-library version: 3.3.3[0m
2024.10.19 22:23:40 INFO  no build target found for /Users/mahmood/Exercism/scala/leap/src/main/scala/Leap.scala. Using presentation compiler with project's scala-library version: 3.3.3[0m
2024.10.19 22:23:41 INFO  no build target found for /Users/mahmood/Exercism/scala/leap/src/main/scala/Leap.scala. Using presentation compiler with project's scala-library version: 3.3.3[0m
2024.10.19 22:23:41 INFO  no build target found for /Users/mahmood/Exercism/scala/leap/src/main/scala/Leap.scala. Using presentation compiler with project's scala-library version: 3.3.3[0m
2024.10.19 22:23:41 INFO  no build target found for /Users/mahmood/Exercism/scala/leap/src/main/scala/Leap.scala. Using presentation compiler with project's scala-library version: 3.3.3[0m
2024.10.19 22:23:41 INFO  no build target found for /Users/mahmood/Exercism/scala/leap/src/main/scala/Leap.scala. Using presentation compiler with project's scala-library version: 3.3.3[0m
2024.10.19 22:23:42 INFO  no build target found for /Users/mahmood/Exercism/scala/leap/src/main/scala/Leap.scala. Using presentation compiler with project's scala-library version: 3.3.3[0m
2024.10.19 22:23:43 WARN  no build target for: /Users/mahmood/Exercism/scala/leap/src/main/scala/Leap.scala[0m
2024.10.19 22:23:43 INFO  no build target found for /Users/mahmood/Exercism/scala/leap/src/main/scala/Leap.scala. Using presentation compiler with project's scala-library version: 3.3.3[0m
2024.10.19 22:23:43 INFO  no build target found for /Users/mahmood/Exercism/scala/leap/src/main/scala/Leap.scala. Using presentation compiler with project's scala-library version: 3.3.3[0m
2024.10.19 22:23:43 INFO  no build target found for /Users/mahmood/Exercism/scala/leap/src/main/scala/Leap.scala. Using presentation compiler with project's scala-library version: 3.3.3[0m
2024.10.19 22:23:43 INFO  no build target found for /Users/mahmood/Exercism/scala/leap/src/main/scala/Leap.scala. Using presentation compiler with project's scala-library version: 3.3.3[0m
2024.10.19 22:23:45 INFO  no build target found for /Users/mahmood/Exercism/scala/leap/src/main/scala/Leap.scala. Using presentation compiler with project's scala-library version: 3.3.3[0m
2024.10.19 22:23:45 INFO  no build target found for /Users/mahmood/Exercism/scala/leap/src/main/scala/Leap.scala. Using presentation compiler with project's scala-library version: 3.3.3[0m
2024.10.19 22:23:45 INFO  no build target found for /Users/mahmood/Exercism/scala/leap/src/main/scala/Leap.scala. Using presentation compiler with project's scala-library version: 3.3.3[0m
2024.10.19 22:23:46 INFO  no build target found for /Users/mahmood/Exercism/scala/leap/src/main/scala/Leap.scala. Using presentation compiler with project's scala-library version: 3.3.3[0m
2024.10.19 22:23:46 INFO  no build target found for /Users/mahmood/Exercism/scala/leap/src/main/scala/Leap.scala. Using presentation compiler with project's scala-library version: 3.3.3[0m
2024.10.19 22:23:50 INFO  no build target found for /Users/mahmood/Exercism/scala/leap/src/main/scala/Leap.scala. Using presentation compiler with project's scala-library version: 3.3.3[0m
2024.10.19 22:23:50 INFO  no build target found for /Users/mahmood/Exercism/scala/leap/src/main/scala/Leap.scala. Using presentation compiler with project's scala-library version: 3.3.3[0m
2024.10.19 22:23:52 INFO  no build target found for /Users/mahmood/Exercism/scala/leap/src/main/scala/Leap.scala. Using presentation compiler with project's scala-library version: 3.3.3[0m
2024.10.19 22:24:06 INFO  no build target found for /Users/mahmood/Exercism/scala/leap/src/main/scala/Leap.scala. Using presentation compiler with project's scala-library version: 3.3.3[0m
2024.10.19 22:24:07 INFO  no build target found for /Users/mahmood/Exercism/scala/leap/src/main/scala/Leap.scala. Using presentation compiler with project's scala-library version: 3.3.3[0m
2024.10.19 22:24:07 INFO  no build target found for /Users/mahmood/Exercism/scala/leap/src/main/scala/Leap.scala. Using presentation compiler with project's scala-library version: 3.3.3[0m
2024.10.19 22:24:07 INFO  no build target found for /Users/mahmood/Exercism/scala/leap/src/main/scala/Leap.scala. Using presentation compiler with project's scala-library version: 3.3.3[0m
2024.10.19 22:24:07 INFO  no build target found for /Users/mahmood/Exercism/scala/leap/src/main/scala/Leap.scala. Using presentation compiler with project's scala-library version: 3.3.3[0m
2024.10.19 22:24:09 INFO  no build target found for /Users/mahmood/Exercism/scala/leap/src/main/scala/Leap.scala. Using presentation compiler with project's scala-library version: 3.3.3[0m
2024.10.19 22:24:09 INFO  no build target found for /Users/mahmood/Exercism/scala/leap/src/main/scala/Leap.scala. Using presentation compiler with project's scala-library version: 3.3.3[0m
2024.10.19 22:24:09 INFO  no build target found for /Users/mahmood/Exercism/scala/leap/src/main/scala/Leap.scala. Using presentation compiler with project's scala-library version: 3.3.3[0m
2024.10.19 22:24:10 INFO  no build target found for /Users/mahmood/Exercism/scala/leap/src/main/scala/Leap.scala. Using presentation compiler with project's scala-library version: 3.3.3[0m
2024.10.19 22:24:10 INFO  no build target found for /Users/mahmood/Exercism/scala/leap/src/main/scala/Leap.scala. Using presentation compiler with project's scala-library version: 3.3.3[0m
2024.10.19 22:24:10 INFO  no build target found for /Users/mahmood/Exercism/scala/leap/src/main/scala/Leap.scala. Using presentation compiler with project's scala-library version: 3.3.3[0m
2024.10.19 22:24:10 INFO  no build target found for /Users/mahmood/Exercism/scala/leap/src/main/scala/Leap.scala. Using presentation compiler with project's scala-library version: 3.3.3[0m
2024.10.19 22:24:11 INFO  no build target found for /Users/mahmood/Exercism/scala/leap/src/main/scala/Leap.scala. Using presentation compiler with project's scala-library version: 3.3.3[0m
2024.10.19 22:24:11 INFO  no build target found for /Users/mahmood/Exercism/scala/leap/src/main/scala/Leap.scala. Using presentation compiler with project's scala-library version: 3.3.3[0m
2024.10.19 22:24:11 INFO  no build target found for /Users/mahmood/Exercism/scala/leap/src/main/scala/Leap.scala. Using presentation compiler with project's scala-library version: 3.3.3[0m
2024.10.19 22:24:11 INFO  no build target found for /Users/mahmood/Exercism/scala/leap/src/main/scala/Leap.scala. Using presentation compiler with project's scala-library version: 3.3.3[0m
2024.10.19 22:24:12 INFO  no build target found for /Users/mahmood/Exercism/scala/leap/src/main/scala/Leap.scala. Using presentation compiler with project's scala-library version: 3.3.3[0m
2024.10.19 22:24:12 ERROR scalafmt: /Users/mahmood/Exercism/scala/leap/.scalafmt.conf: missing setting 'version'. To fix this problem, add the following line to .scalafmt.conf: 'version=3.7.15'.[0m
2024.10.19 22:24:13 WARN  no build target for: /Users/mahmood/Exercism/scala/leap/src/main/scala/Leap.scala[0m
2024.10.19 22:24:13 INFO  no build target found for /Users/mahmood/Exercism/scala/leap/src/main/scala/Leap.scala. Using presentation compiler with project's scala-library version: 3.3.3[0m
2024.10.19 22:24:13 INFO  no build target found for /Users/mahmood/Exercism/scala/leap/src/main/scala/Leap.scala. Using presentation compiler with project's scala-library version: 3.3.3[0m
2024.10.19 22:24:15 INFO  no build target found for /Users/mahmood/Exercism/scala/leap/src/main/scala/Leap.scala. Using presentation compiler with project's scala-library version: 3.3.3[0m
2024.10.19 22:24:15 INFO  no build target found for /Users/mahmood/Exercism/scala/leap/src/main/scala/Leap.scala. Using presentation compiler with project's scala-library version: 3.3.3[0m
2024.10.19 22:24:15 INFO  no build target found for /Users/mahmood/Exercism/scala/leap/src/main/scala/Leap.scala. Using presentation compiler with project's scala-library version: 3.3.3[0m
2024.10.19 22:24:16 INFO  no build target found for /Users/mahmood/Exercism/scala/leap/src/main/scala/Leap.scala. Using presentation compiler with project's scala-library version: 3.3.3[0m
2024.10.19 22:24:16 INFO  no build target found for /Users/mahmood/Exercism/scala/leap/src/main/scala/Leap.scala. Using presentation compiler with project's scala-library version: 3.3.3[0m
2024.10.19 22:24:16 INFO  no build target found for /Users/mahmood/Exercism/scala/leap/src/main/scala/Leap.scala. Using presentation compiler with project's scala-library version: 3.3.3[0m
2024.10.19 22:24:16 INFO  no build target found for /Users/mahmood/Exercism/scala/leap/src/main/scala/Leap.scala. Using presentation compiler with project's scala-library version: 3.3.3[0m
2024.10.19 22:24:16 INFO  no build target found for /Users/mahmood/Exercism/scala/leap/src/main/scala/Leap.scala. Using presentation compiler with project's scala-library version: 3.3.3[0m
2024.10.19 22:24:18 INFO  no build target found for /Users/mahmood/Exercism/scala/leap/src/main/scala/Leap.scala. Using presentation compiler with project's scala-library version: 3.3.3[0m
2024.10.19 22:24:18 INFO  no build target found for /Users/mahmood/Exercism/scala/leap/src/main/scala/Leap.scala. Using presentation compiler with project's scala-library version: 3.3.3[0m
2024.10.19 22:24:18 INFO  no build target found for /Users/mahmood/Exercism/scala/leap/src/main/scala/Leap.scala. Using presentation compiler with project's scala-library version: 3.3.3[0m
2024.10.19 22:24:20 ERROR scalafmt: /Users/mahmood/Exercism/scala/leap/.scalafmt.conf: missing setting 'version'. To fix this problem, add the following line to .scalafmt.conf: 'version=3.7.15'.[0m
2024.10.19 22:24:20 WARN  no build target for: /Users/mahmood/Exercism/scala/leap/src/main/scala/Leap.scala[0m
2024.10.19 22:24:20 INFO  no build target found for /Users/mahmood/Exercism/scala/leap/src/main/scala/Leap.scala. Using presentation compiler with project's scala-library version: 3.3.3[0m
2024.10.19 22:24:21 INFO  no build target found for /Users/mahmood/Exercism/scala/leap/src/main/scala/Leap.scala. Using presentation compiler with project's scala-library version: 3.3.3[0m
2024.10.19 22:24:21 INFO  no build target found for /Users/mahmood/Exercism/scala/leap/src/main/scala/Leap.scala. Using presentation compiler with project's scala-library version: 3.3.3[0m
2024.10.19 22:24:21 INFO  no build target found for /Users/mahmood/Exercism/scala/leap/src/main/scala/Leap.scala. Using presentation compiler with project's scala-library version: 3.3.3[0m
2024.10.19 22:24:21 INFO  no build target found for /Users/mahmood/Exercism/scala/leap/src/main/scala/Leap.scala. Using presentation compiler with project's scala-library version: 3.3.3[0m
2024.10.19 22:24:21 INFO  no build target found for /Users/mahmood/Exercism/scala/leap/src/main/scala/Leap.scala. Using presentation compiler with project's scala-library version: 3.3.3[0m
2024.10.19 22:24:23 INFO  no build target found for /Users/mahmood/Exercism/scala/leap/src/main/scala/Leap.scala. Using presentation compiler with project's scala-library version: 3.3.3[0m
2024.10.19 22:24:23 INFO  no build target found for /Users/mahmood/Exercism/scala/leap/src/main/scala/Leap.scala. Using presentation compiler with project's scala-library version: 3.3.3[0m
2024.10.19 22:24:23 INFO  no build target found for /Users/mahmood/Exercism/scala/leap/src/main/scala/Leap.scala. Using presentation compiler with project's scala-library version: 3.3.3[0m
2024.10.19 22:24:23 INFO  no build target found for /Users/mahmood/Exercism/scala/leap/src/main/scala/Leap.scala. Using presentation compiler with project's scala-library version: 3.3.3[0m
2024.10.19 22:24:23 INFO  no build target found for /Users/mahmood/Exercism/scala/leap/src/main/scala/Leap.scala. Using presentation compiler with project's scala-library version: 3.3.3[0m
2024.10.19 22:24:24 INFO  no build target found for /Users/mahmood/Exercism/scala/leap/src/main/scala/Leap.scala. Using presentation compiler with project's scala-library version: 3.3.3[0m
2024.10.19 22:24:24 INFO  no build target found for /Users/mahmood/Exercism/scala/leap/src/main/scala/Leap.scala. Using presentation compiler with project's scala-library version: 3.3.3[0m
2024.10.19 22:24:24 INFO  no build target found for /Users/mahmood/Exercism/scala/leap/src/main/scala/Leap.scala. Using presentation compiler with project's scala-library version: 3.3.3[0m
2024.10.19 22:24:26 INFO  no build target found for /Users/mahmood/Exercism/scala/leap/src/main/scala/Leap.scala. Using presentation compiler with project's scala-library version: 3.3.3[0m
2024.10.19 22:24:29 INFO  no build target found for /Users/mahmood/Exercism/scala/leap/src/main/scala/Leap.scala. Using presentation compiler with project's scala-library version: 3.3.3[0m
2024.10.19 22:24:31 INFO  Shutting down server[0m
2024.10.19 22:24:31 INFO  shutting down Metals[0m
2024.10.19 22:25:20 INFO  Started: Metals version 1.3.5 in folders '/Users/mahmood/Exercism/scala/leap' for client Neovim 0.10.2.[0m
SLF4J(W): Class path contains multiple SLF4J providers.
SLF4J(W): Found provider [scribe.slf4j.ScribeServiceProvider@2a362b3c]
SLF4J(W): Found provider [ch.qos.logback.classic.spi.LogbackServiceProvider@4c681563]
SLF4J(W): See https://www.slf4j.org/codes.html#multiple_bindings for an explanation.
SLF4J(I): Actual provider is of type [scribe.slf4j.ScribeServiceProvider@2a362b3c]
2024.10.19 22:25:20 WARN  Flyway upgrade recommended: H2 2.3.230 is newer than this version of Flyway and support has not been tested. The latest supported version of H2 is 2.2.220.[0m
2024.10.19 22:25:20 INFO  no build target found for /Users/mahmood/Exercism/scala/leap/src/main/scala/Leap.scala. Using presentation compiler with project's scala-library version: 3.3.3[0m
2024.10.19 22:25:21 INFO  no build target found for /Users/mahmood/Exercism/scala/leap/src/main/scala/Leap.scala. Using presentation compiler with project's scala-library version: 3.3.3[0m
2024.10.19 22:25:21 INFO  no build target found for /Users/mahmood/Exercism/scala/leap/src/main/scala/Leap.scala. Using presentation compiler with project's scala-library version: 3.3.3[0m
2024.10.19 22:25:21 INFO  no build target found for /Users/mahmood/Exercism/scala/leap/src/main/scala/Leap.scala. Using presentation compiler with project's scala-library version: 3.3.3[0m
2024.10.19 22:25:45 INFO  running '/Users/mahmood/Library/Application Support/Coursier/bin/sbt -Dbloop.export-jar-classifiers=sources bloopInstall'[0m
2024.10.19 22:25:45 INFO  no build target found for /Users/mahmood/Exercism/scala/leap/src/main/scala/Leap.scala. Using presentation compiler with project's scala-library version: 3.3.3[0m
2024.10.19 22:25:46 ERROR Oct 19, 2024 10:25:46 PM org.jline.utils.Log logr[0m
2024.10.19 22:25:46 ERROR WARNING: Unable to create a system terminal, creating a dumb terminal (enable debug logging for more information)[0m
2024.10.19 22:25:47 INFO  [info] welcome to sbt 1.10.1 (Homebrew Java 23)[0m
2024.10.19 22:25:48 INFO  [info] loading settings for project leap-build-build from metals.sbt ...[0m
2024.10.19 22:25:48 INFO  [info] loading project definition from /Users/mahmood/Exercism/scala/leap/project/project[0m
2024.10.19 22:25:49 ERROR scalafmt: /Users/mahmood/Exercism/scala/leap/.scalafmt.conf: missing setting 'version'. To fix this problem, add the following line to .scalafmt.conf: 'version=3.7.15'.[0m
2024.10.19 22:25:49 ERROR Downloading https://repo1.maven.org/maven2/ch/epfl/scala/sbt-bloop_2.12_1.0/1.6.0/sbt-bloop_2.12_1.0-1.6.0.pom[0m
2024.10.19 22:25:50 INFO  [0m
2024.10.19 22:25:50 INFO    | => leap-build-build / update 0s[0m
2024.10.19 22:25:50 WARN  no build target for: /Users/mahmood/Exercism/scala/leap/src/main/scala/Leap.scala[0m
2024.10.19 22:25:49 INFO  no build target found for /Users/mahmood/Exercism/scala/leap/src/main/scala/Leap.scala. Using presentation compiler with project's scala-library version: 3.3.3[0m
2024.10.19 22:25:50 INFO  no build target found for /Users/mahmood/Exercism/scala/leap/src/main/scala/Leap.scala. Using presentation compiler with project's scala-library version: 3.3.3[0m
2024.10.19 22:25:49 ERROR Downloaded https://repo1.maven.org/maven2/ch/epfl/scala/sbt-bloop_2.12_1.0/1.6.0/sbt-bloop_2.12_1.0-1.6.0.pom[0m
2024.10.19 22:25:49 INFO  no build target found for /Users/mahmood/Exercism/scala/leap/src/main/scala/Leap.scala. Using presentation compiler with project's scala-library version: 3.3.3[0m
2024.10.19 22:25:49 ERROR Downloading https://repo1.maven.org/maven2/ch/epfl/scala/bloop-config_2.12/2.0.2/bloop-config_2.12-2.0.2.pom[0m
2024.10.19 22:25:49 ERROR Downloaded https://repo1.maven.org/maven2/ch/epfl/scala/bloop-config_2.12/2.0.2/bloop-config_2.12-2.0.2.pom[0m
2024.10.19 22:25:50 INFO  [0m
2024.10.19 22:25:50 INFO    | => leap-build-build / update 0s[0m
2024.10.19 22:25:49 ERROR Downloading https://repo1.maven.org/maven2/com/github/plokhotnyuk/jsoniter-scala/jsoniter-scala-core_2.12/2.4.0/jsoniter-scala-core_2.12-2.4.0.pom[0m
2024.10.19 22:25:49 ERROR Downloaded https://repo1.maven.org/maven2/com/github/plokhotnyuk/jsoniter-scala/jsoniter-scala-core_2.12/2.4.0/jsoniter-scala-core_2.12-2.4.0.pom[0m
2024.10.19 22:25:49 ERROR Downloading https://repo1.maven.org/maven2/com/github/plokhotnyuk/jsoniter-scala/jsoniter-scala-core_2.12/2.4.0/jsoniter-scala-core_2.12-2.4.0.jar[0m
2024.10.19 22:25:49 ERROR Downloading https://repo1.maven.org/maven2/ch/epfl/scala/sbt-bloop_2.12_1.0/1.6.0/sbt-bloop_2.12_1.0-1.6.0.jar[0m
2024.10.19 22:25:49 ERROR Downloading https://repo1.maven.org/maven2/ch/epfl/scala/bloop-config_2.12/2.0.2/bloop-config_2.12-2.0.2.jar[0m
2024.10.19 22:25:49 ERROR Downloaded https://repo1.maven.org/maven2/com/github/plokhotnyuk/jsoniter-scala/jsoniter-scala-core_2.12/2.4.0/jsoniter-scala-core_2.12-2.4.0.jar[0m
2024.10.19 22:25:49 ERROR Downloaded https://repo1.maven.org/maven2/ch/epfl/scala/sbt-bloop_2.12_1.0/1.6.0/sbt-bloop_2.12_1.0-1.6.0.jar[0m
2024.10.19 22:25:49 ERROR Downloaded https://repo1.maven.org/maven2/ch/epfl/scala/bloop-config_2.12/2.0.2/bloop-config_2.12-2.0.2.jar[0m
2024.10.19 22:25:51 INFO  [0m
2024.10.19 22:25:51 INFO    | => leap-build-build / Compile / compileIncremental 0s[0m
2024.10.19 22:25:51 INFO  no build target found for /Users/mahmood/Exercism/scala/leap/src/main/scala/Leap.scala. Using presentation compiler with project's scala-library version: 3.3.3[0m
2024.10.19 22:25:51 INFO  [info] loading settings for project leap-build from metals.sbt ...[0m
2024.10.19 22:25:51 INFO  no build target found for /Users/mahmood/Exercism/scala/leap/src/main/scala/Leap.scala. Using presentation compiler with project's scala-library version: 3.3.3[0m
2024.10.19 22:25:51 INFO  no build target found for /Users/mahmood/Exercism/scala/leap/src/main/scala/Leap.scala. Using presentation compiler with project's scala-library version: 3.3.3[0m
2024.10.19 22:25:51 INFO  [info] loading project definition from /Users/mahmood/Exercism/scala/leap/project[0m
2024.10.19 22:25:51 INFO  [0m
2024.10.19 22:25:51 INFO    | => leap-build / update 0s[0m
2024.10.19 22:25:51 INFO  no build target found for /Users/mahmood/Exercism/scala/leap/src/main/scala/Leap.scala. Using presentation compiler with project's scala-library version: 3.3.3[0m
2024.10.19 22:25:52 INFO  [0m
2024.10.19 22:25:52 INFO    | => leap-build / updateSbtClassifiers 0s[0m
2024.10.19 22:25:52 INFO    | => leap-build / update 0s[0m
2024.10.19 22:25:53 ERROR Downloading https://repo1.maven.org/maven2/com/github/mwiede/jsch/0.2.17/jsch-0.2.17-sources.jar[0m
2024.10.19 22:25:53 ERROR Downloading https://repo1.maven.org/maven2/com/eed3si9n/gigahorse-core_2.12/0.7.0/gigahorse-core_2.12-0.7.0-sources.jar[0m
2024.10.19 22:25:53 ERROR Downloading https://repo1.maven.org/maven2/net/java/dev/jna/jna-platform/5.13.0/jna-platform-5.13.0-sources.jar[0m
2024.10.19 22:25:53 ERROR Downloading https://repo1.maven.org/maven2/com/github/plokhotnyuk/jsoniter-scala/jsoniter-scala-core_2.12/2.4.0/jsoniter-scala-core_2.12-2.4.0-sources.jar[0m
2024.10.19 22:25:53 ERROR Downloading https://repo1.maven.org/maven2/org/reactivestreams/reactive-streams/1.0.3/reactive-streams-1.0.3-sources.jar[0m
2024.10.19 22:25:53 ERROR Downloading https://repo1.maven.org/maven2/org/scala-sbt/launcher-interface/1.4.3/launcher-interface-1.4.3-sources.jar[0m
2024.10.19 22:25:53 ERROR Downloaded https://repo1.maven.org/maven2/org/reactivestreams/reactive-streams/1.0.3/reactive-streams-1.0.3-sources.jar[0m
2024.10.19 22:25:53 ERROR Downloading https://repo1.maven.org/maven2/org/scala-sbt/librarymanagement-core_2.12/1.10.1/librarymanagement-core_2.12-1.10.1-sources.jar[0m
2024.10.19 22:25:53 ERROR Downloaded https://repo1.maven.org/maven2/com/github/plokhotnyuk/jsoniter-scala/jsoniter-scala-core_2.12/2.4.0/jsoniter-scala-core_2.12-2.4.0-sources.jar[0m
2024.10.19 22:25:53 ERROR Downloading https://repo1.maven.org/maven2/org/scala-lang/scala-library/2.12.19/scala-library-2.12.19-sources.jar[0m
2024.10.19 22:25:53 ERROR Downloaded https://repo1.maven.org/maven2/org/scala-sbt/librarymanagement-core_2.12/1.10.1/librarymanagement-core_2.12-1.10.1-sources.jar[0m
2024.10.19 22:25:53 ERROR Downloading https://repo1.maven.org/maven2/com/swoval/file-tree-views/2.1.12/file-tree-views-2.1.12-sources.jar[0m
2024.10.19 22:25:53 ERROR Downloaded https://repo1.maven.org/maven2/com/github/mwiede/jsch/0.2.17/jsch-0.2.17-sources.jar[0m
2024.10.19 22:25:53 ERROR Downloading https://repo1.maven.org/maven2/org/apache/logging/log4j/log4j-core/2.17.1/log4j-core-2.17.1-sources.jar[0m
2024.10.19 22:25:53 ERROR Downloaded https://repo1.maven.org/maven2/com/eed3si9n/gigahorse-core_2.12/0.7.0/gigahorse-core_2.12-0.7.0-sources.jar[0m
2024.10.19 22:25:53 ERROR Downloading https://repo1.maven.org/maven2/org/scala-lang/modules/scala-xml_2.12/2.3.0/scala-xml_2.12-2.3.0-sources.jar[0m
2024.10.19 22:25:53 ERROR Downloaded https://repo1.maven.org/maven2/org/scala-sbt/launcher-interface/1.4.3/launcher-interface-1.4.3-sources.jar[0m
2024.10.19 22:25:53 ERROR Downloading https://repo1.maven.org/maven2/org/scala-sbt/librarymanagement-ivy_2.12/1.10.1/librarymanagement-ivy_2.12-1.10.1-sources.jar[0m
2024.10.19 22:25:53 ERROR Downloaded https://repo1.maven.org/maven2/com/swoval/file-tree-views/2.1.12/file-tree-views-2.1.12-sources.jar[0m
2024.10.19 22:25:53 ERROR Downloading https://repo1.maven.org/maven2/org/scala-sbt/sbt/1.10.1/sbt-1.10.1-sources.jar[0m
2024.10.19 22:25:53 ERROR Downloaded https://repo1.maven.org/maven2/org/scala-sbt/sbt/1.10.1/sbt-1.10.1-sources.jar[0m
2024.10.19 22:25:53 ERROR Downloading https://repo1.maven.org/maven2/io/get-coursier/lm-coursier-shaded_2.12/2.1.4/lm-coursier-shaded_2.12-2.1.4-sources.jar[0m
2024.10.19 22:25:53 ERROR Downloaded https://repo1.maven.org/maven2/org/scala-lang/modules/scala-xml_2.12/2.3.0/scala-xml_2.12-2.3.0-sources.jar[0m
2024.10.19 22:25:53 ERROR Downloading https://repo1.maven.org/maven2/org/scala-sbt/scripted-plugin_2.12/1.10.1/scripted-plugin_2.12-1.10.1-sources.jar[0m
2024.10.19 22:25:53 ERROR Downloaded https://repo1.maven.org/maven2/org/scala-sbt/librarymanagement-ivy_2.12/1.10.1/librarymanagement-ivy_2.12-1.10.1-sources.jar[0m
2024.10.19 22:25:53 ERROR Downloading https://repo1.maven.org/maven2/com/lihaoyi/unroll-annotation_2.12/0.1.12/unroll-annotation_2.12-0.1.12-sources.jar[0m
2024.10.19 22:25:53 ERROR Downloaded https://repo1.maven.org/maven2/io/get-coursier/lm-coursier-shaded_2.12/2.1.4/lm-coursier-shaded_2.12-2.1.4-sources.jar[0m
2024.10.19 22:25:53 ERROR Downloading https://repo1.maven.org/maven2/org/scala-sbt/zinc-classfile_2.12/1.10.1/zinc-classfile_2.12-1.10.1-sources.jar[0m
2024.10.19 22:25:53 ERROR Downloaded https://repo1.maven.org/maven2/org/scala-sbt/scripted-plugin_2.12/1.10.1/scripted-plugin_2.12-1.10.1-sources.jar[0m
2024.10.19 22:25:53 ERROR Downloading https://repo1.maven.org/maven2/com/github/ben-manes/caffeine/caffeine/2.8.5/caffeine-2.8.5-sources.jar[0m
2024.10.19 22:25:53 ERROR Downloaded https://repo1.maven.org/maven2/com/lihaoyi/unroll-annotation_2.12/0.1.12/unroll-annotation_2.12-0.1.12-sources.jar[0m
2024.10.19 22:25:53 ERROR Downloading https://repo1.maven.org/maven2/org/scala-sbt/run_2.12/1.10.1/run_2.12-1.10.1-sources.jar[0m
2024.10.19 22:25:53 ERROR Downloaded https://repo1.maven.org/maven2/org/scala-sbt/zinc-classfile_2.12/1.10.1/zinc-classfile_2.12-1.10.1-sources.jar[0m
2024.10.19 22:25:53 ERROR Downloading https://repo1.maven.org/maven2/org/scala-lang/scala-compiler/2.12.19/scala-compiler-2.12.19-sources.jar[0m
2024.10.19 22:25:53 ERROR Downloaded https://repo1.maven.org/maven2/org/scala-lang/scala-library/2.12.19/scala-library-2.12.19-sources.jar[0m
2024.10.19 22:25:53 ERROR Downloading https://repo1.maven.org/maven2/org/scala-lang/modules/scala-collection-compat_2.12/2.11.0/scala-collection-compat_2.12-2.11.0-sources.jar[0m
2024.10.19 22:25:53 ERROR Downloaded https://repo1.maven.org/maven2/org/scala-sbt/run_2.12/1.10.1/run_2.12-1.10.1-sources.jar[0m
2024.10.19 22:25:53 ERROR Downloading https://repo1.maven.org/maven2/org/scala-sbt/main_2.12/1.10.1/main_2.12-1.10.1-sources.jar[0m
2024.10.19 22:25:52 INFO  [0m
2024.10.19 22:25:52 INFO    | => leap-build / updateSbtClassifiers 1s[0m
2024.10.19 22:25:52 INFO    | => leap-build / update 1s[0m
2024.10.19 22:25:53 ERROR Downloaded https://repo1.maven.org/maven2/org/apache/logging/log4j/log4j-core/2.17.1/log4j-core-2.17.1-sources.jar[0m
2024.10.19 22:25:53 ERROR Downloading https://repo1.maven.org/maven2/org/scala-sbt/jline/jline/2.14.7-sbt-9c3b6aca11c57e339441442bbf58e550cdfecb79/jline-2.14.7-sbt-9c3b6aca11c57e339441442bbf58e550cdfecb79-sources.jar[0m
2024.10.19 22:25:53 ERROR Downloaded https://repo1.maven.org/maven2/org/scala-lang/modules/scala-collection-compat_2.12/2.11.0/scala-collection-compat_2.12-2.11.0-sources.jar[0m
2024.10.19 22:25:53 ERROR Downloading https://repo1.maven.org/maven2/org/scala-sbt/command_2.12/1.10.1/command_2.12-1.10.1-sources.jar[0m
2024.10.19 22:25:53 ERROR Downloaded https://repo1.maven.org/maven2/org/scala-sbt/jline/jline/2.14.7-sbt-9c3b6aca11c57e339441442bbf58e550cdfecb79/jline-2.14.7-sbt-9c3b6aca11c57e339441442bbf58e550cdfecb79-sources.jar[0m
2024.10.19 22:25:53 ERROR Downloading https://repo1.maven.org/maven2/com/eed3si9n/sjson-new-murmurhash_2.12/0.10.1/sjson-new-murmurhash_2.12-0.10.1-sources.jar[0m
2024.10.19 22:25:53 ERROR Downloaded https://repo1.maven.org/maven2/org/scala-sbt/command_2.12/1.10.1/command_2.12-1.10.1-sources.jar[0m
2024.10.19 22:25:53 ERROR Downloading https://repo1.maven.org/maven2/com/typesafe/ssl-config-core_2.12/0.6.1/ssl-config-core_2.12-0.6.1-sources.jar[0m
2024.10.19 22:25:53 ERROR Downloaded https://repo1.maven.org/maven2/com/eed3si9n/sjson-new-murmurhash_2.12/0.10.1/sjson-new-murmurhash_2.12-0.10.1-sources.jar[0m
2024.10.19 22:25:53 ERROR Downloading https://repo1.maven.org/maven2/org/scala-sbt/protocol_2.12/1.10.1/protocol_2.12-1.10.1-sources.jar[0m
2024.10.19 22:25:53 ERROR Downloaded https://repo1.maven.org/maven2/com/typesafe/ssl-config-core_2.12/0.6.1/ssl-config-core_2.12-0.6.1-sources.jar[0m
2024.10.19 22:25:53 ERROR Downloading https://repo1.maven.org/maven2/org/scala-sbt/task-system_2.12/1.10.1/task-system_2.12-1.10.1-sources.jar[0m
2024.10.19 22:25:53 ERROR Downloaded https://repo1.maven.org/maven2/org/scala-sbt/main_2.12/1.10.1/main_2.12-1.10.1-sources.jar[0m
2024.10.19 22:25:53 ERROR Downloading https://repo1.maven.org/maven2/org/scala-sbt/zinc-persist_2.12/1.10.1/zinc-persist_2.12-1.10.1-sources.jar[0m
2024.10.19 22:25:53 ERROR Downloaded https://repo1.maven.org/maven2/org/scala-sbt/protocol_2.12/1.10.1/protocol_2.12-1.10.1-sources.jar[0m
2024.10.19 22:25:53 ERROR Downloading https://repo1.maven.org/maven2/org/apache/logging/log4j/log4j-slf4j-impl/2.17.1/log4j-slf4j-impl-2.17.1-sources.jar[0m
2024.10.19 22:25:53 ERROR Downloaded https://repo1.maven.org/maven2/org/scala-sbt/task-system_2.12/1.10.1/task-system_2.12-1.10.1-sources.jar[0m
2024.10.19 22:25:53 ERROR Downloading https://repo1.maven.org/maven2/org/scala-lang/scala-reflect/2.12.19/scala-reflect-2.12.19-sources.jar[0m
2024.10.19 22:25:53 ERROR Downloaded https://repo1.maven.org/maven2/org/apache/logging/log4j/log4j-slf4j-impl/2.17.1/log4j-slf4j-impl-2.17.1-sources.jar[0m
2024.10.19 22:25:53 ERROR Downloading https://repo1.maven.org/maven2/org/scala-sbt/zinc-persist-core-assembly/1.10.1/zinc-persist-core-assembly-1.10.1-sources.jar[0m
2024.10.19 22:25:53 ERROR Downloaded https://repo1.maven.org/maven2/org/scala-sbt/zinc-persist_2.12/1.10.1/zinc-persist_2.12-1.10.1-sources.jar[0m
2024.10.19 22:25:53 ERROR Downloading https://repo1.maven.org/maven2/org/scala-sbt/compiler-interface/1.10.1/compiler-interface-1.10.1-sources.jar[0m
2024.10.19 22:25:53 ERROR Downloaded https://repo1.maven.org/maven2/org/scala-sbt/zinc-persist-core-assembly/1.10.1/zinc-persist-core-assembly-1.10.1-sources.jar[0m
2024.10.19 22:25:53 ERROR Downloading https://repo1.maven.org/maven2/org/scala-sbt/zinc-classpath_2.12/1.10.1/zinc-classpath_2.12-1.10.1-sources.jar[0m
2024.10.19 22:25:53 ERROR Downloaded https://repo1.maven.org/maven2/org/scala-lang/scala-compiler/2.12.19/scala-compiler-2.12.19-sources.jar[0m
2024.10.19 22:25:53 ERROR Downloading https://repo1.maven.org/maven2/org/scala-sbt/logic_2.12/1.10.1/logic_2.12-1.10.1-sources.jar[0m
2024.10.19 22:25:53 ERROR Downloaded https://repo1.maven.org/maven2/com/github/ben-manes/caffeine/caffeine/2.8.5/caffeine-2.8.5-sources.jar[0m
2024.10.19 22:25:53 ERROR Downloading https://repo1.maven.org/maven2/org/scala-sbt/completion_2.12/1.10.1/completion_2.12-1.10.1-sources.jar[0m
2024.10.19 22:25:53 ERROR Downloaded https://repo1.maven.org/maven2/net/java/dev/jna/jna-platform/5.13.0/jna-platform-5.13.0-sources.jar[0m
2024.10.19 22:25:53 ERROR Downloading https://repo1.maven.org/maven2/net/openhft/zero-allocation-hashing/0.16/zero-allocation-hashing-0.16-sources.jar[0m
2024.10.19 22:25:53 ERROR Downloaded https://repo1.maven.org/maven2/org/scala-sbt/compiler-interface/1.10.1/compiler-interface-1.10.1-sources.jar[0m
2024.10.19 22:25:53 ERROR Downloading https://repo1.maven.org/maven2/org/scala-sbt/util-position_2.12/1.10.1/util-position_2.12-1.10.1-sources.jar[0m
2024.10.19 22:25:53 ERROR Downloaded https://repo1.maven.org/maven2/org/scala-sbt/zinc-classpath_2.12/1.10.1/zinc-classpath_2.12-1.10.1-sources.jar[0m
2024.10.19 22:25:53 ERROR Downloading https://repo1.maven.org/maven2/org/jline/jline-native/3.24.1/jline-native-3.24.1-sources.jar[0m
2024.10.19 22:25:53 ERROR Downloaded https://repo1.maven.org/maven2/org/scala-sbt/logic_2.12/1.10.1/logic_2.12-1.10.1-sources.jar[0m
2024.10.19 22:25:53 ERROR Downloading https://repo1.maven.org/maven2/org/fusesource/jansi/jansi/2.4.1/jansi-2.4.1-sources.jar[0m
2024.10.19 22:25:53 ERROR Downloaded https://repo1.maven.org/maven2/net/openhft/zero-allocation-hashing/0.16/zero-allocation-hashing-0.16-sources.jar[0m
2024.10.19 22:25:53 ERROR Downloading https://repo1.maven.org/maven2/org/scala-sbt/util-cache_2.12/1.10.1/util-cache_2.12-1.10.1-sources.jar[0m
2024.10.19 22:25:53 ERROR Downloaded https://repo1.maven.org/maven2/org/scala-sbt/completion_2.12/1.10.1/completion_2.12-1.10.1-sources.jar[0m
2024.10.19 22:25:53 ERROR Downloading https://repo1.maven.org/maven2/org/scala-sbt/testing_2.12/1.10.1/testing_2.12-1.10.1-sources.jar[0m
2024.10.19 22:25:53 ERROR Downloaded https://repo1.maven.org/maven2/org/scala-lang/scala-reflect/2.12.19/scala-reflect-2.12.19-sources.jar[0m
2024.10.19 22:25:53 ERROR Downloading https://repo1.maven.org/maven2/com/eed3si9n/shaded-apache-httpasyncclient/0.7.0/shaded-apache-httpasyncclient-0.7.0-sources.jar[0m
2024.10.19 22:25:53 ERROR Downloaded https://repo1.maven.org/maven2/org/scala-sbt/util-position_2.12/1.10.1/util-position_2.12-1.10.1-sources.jar[0m
2024.10.19 22:25:53 ERROR Downloading https://repo1.maven.org/maven2/org/scala-sbt/main-settings_2.12/1.10.1/main-settings_2.12-1.10.1-sources.jar[0m
2024.10.19 22:25:53 ERROR Downloaded https://repo1.maven.org/maven2/org/scala-sbt/util-cache_2.12/1.10.1/util-cache_2.12-1.10.1-sources.jar[0m
2024.10.19 22:25:53 ERROR Downloading https://repo1.maven.org/maven2/ch/epfl/scala/bloop-config_2.12/2.0.2/bloop-config_2.12-2.0.2-sources.jar[0m
2024.10.19 22:25:53 ERROR Downloaded https://repo1.maven.org/maven2/com/eed3si9n/shaded-apache-httpasyncclient/0.7.0/shaded-apache-httpasyncclient-0.7.0-sources.jar[0m
2024.10.19 22:25:53 ERROR Downloading https://repo1.maven.org/maven2/org/scala-sbt/template-resolver/0.1/template-resolver-0.1-sources.jar[0m
2024.10.19 22:25:53 ERROR Downloaded https://repo1.maven.org/maven2/org/jline/jline-native/3.24.1/jline-native-3.24.1-sources.jar[0m
2024.10.19 22:25:53 ERROR Downloading https://repo1.maven.org/maven2/com/eed3si9n/shaded-jawn-parser_2.12/1.3.2/shaded-jawn-parser_2.12-1.3.2-sources.jar[0m
2024.10.19 22:25:53 ERROR Downloaded https://repo1.maven.org/maven2/org/scala-sbt/testing_2.12/1.10.1/testing_2.12-1.10.1-sources.jar[0m
2024.10.19 22:25:53 ERROR Downloading https://repo1.maven.org/maven2/org/scala-sbt/tasks_2.12/1.10.1/tasks_2.12-1.10.1-sources.jar[0m
2024.10.19 22:25:53 ERROR Downloaded https://repo1.maven.org/maven2/org/scala-sbt/main-settings_2.12/1.10.1/main-settings_2.12-1.10.1-sources.jar[0m
2024.10.19 22:25:53 ERROR Downloading https://repo1.maven.org/maven2/com/eed3si9n/sjson-new-scalajson_2.12/0.10.1/sjson-new-scalajson_2.12-0.10.1-sources.jar[0m
2024.10.19 22:25:53 ERROR Downloaded https://repo1.maven.org/maven2/ch/epfl/scala/bloop-config_2.12/2.0.2/bloop-config_2.12-2.0.2-sources.jar[0m
2024.10.19 22:25:53 ERROR Downloading https://repo1.maven.org/maven2/org/scala-sbt/actions_2.12/1.10.1/actions_2.12-1.10.1-sources.jar[0m
2024.10.19 22:25:53 ERROR Downloaded https://repo1.maven.org/maven2/org/scala-sbt/template-resolver/0.1/template-resolver-0.1-sources.jar[0m
2024.10.19 22:25:53 ERROR Downloading https://repo1.maven.org/maven2/org/scala-sbt/zinc-apiinfo_2.12/1.10.1/zinc-apiinfo_2.12-1.10.1-sources.jar[0m
2024.10.19 22:25:53 ERROR Downloaded https://repo1.maven.org/maven2/com/eed3si9n/shaded-jawn-parser_2.12/1.3.2/shaded-jawn-parser_2.12-1.3.2-sources.jar[0m
2024.10.19 22:25:53 ERROR Downloading https://repo1.maven.org/maven2/org/jline/jline-terminal-jna/3.24.1/jline-terminal-jna-3.24.1-sources.jar[0m
2024.10.19 22:25:53 ERROR Downloaded https://repo1.maven.org/maven2/com/eed3si9n/sjson-new-scalajson_2.12/0.10.1/sjson-new-scalajson_2.12-0.10.1-sources.jar[0m
2024.10.19 22:25:53 ERROR Downloading https://repo1.maven.org/maven2/org/scala-sbt/core-macros_2.12/1.10.1/core-macros_2.12-1.10.1-sources.jar[0m
2024.10.19 22:25:53 ERROR Downloaded https://repo1.maven.org/maven2/org/scala-sbt/tasks_2.12/1.10.1/tasks_2.12-1.10.1-sources.jar[0m
2024.10.19 22:25:53 ERROR Downloading https://repo1.maven.org/maven2/org/scala-sbt/zinc-compile-core_2.12/1.10.1/zinc-compile-core_2.12-1.10.1-sources.jar[0m
2024.10.19 22:25:53 ERROR Downloaded https://repo1.maven.org/maven2/org/fusesource/jansi/jansi/2.4.1/jansi-2.4.1-sources.jar[0m
2024.10.19 22:25:53 ERROR Downloading https://repo1.maven.org/maven2/org/scala-sbt/ivy/ivy/2.3.0-sbt-396a783bba347016e7fe30dacc60d355be607fe2/ivy-2.3.0-sbt-396a783bba347016e7fe30dacc60d355be607fe2-sources.jar[0m
2024.10.19 22:25:53 ERROR Downloaded https://repo1.maven.org/maven2/org/scala-sbt/zinc-apiinfo_2.12/1.10.1/zinc-apiinfo_2.12-1.10.1-sources.jar[0m
2024.10.19 22:25:53 ERROR Downloading https://repo1.maven.org/maven2/com/eed3si9n/sjson-new-core_2.12/0.10.1/sjson-new-core_2.12-0.10.1-sources.jar[0m
2024.10.19 22:25:53 ERROR Downloaded https://repo1.maven.org/maven2/org/scala-sbt/core-macros_2.12/1.10.1/core-macros_2.12-1.10.1-sources.jar[0m
2024.10.19 22:25:53 ERROR Downloading https://repo1.maven.org/maven2/org/jline/jline-reader/3.24.1/jline-reader-3.24.1-sources.jar[0m
2024.10.19 22:25:53 ERROR Downloaded https://repo1.maven.org/maven2/org/jline/jline-terminal-jna/3.24.1/jline-terminal-jna-3.24.1-sources.jar[0m
2024.10.19 22:25:53 ERROR Downloading https://repo1.maven.org/maven2/org/scala-sbt/util-relation_2.12/1.10.1/util-relation_2.12-1.10.1-sources.jar[0m
2024.10.19 22:25:53 ERROR Downloaded https://repo1.maven.org/maven2/org/scala-sbt/zinc-compile-core_2.12/1.10.1/zinc-compile-core_2.12-1.10.1-sources.jar[0m
2024.10.19 22:25:53 ERROR Downloading https://repo1.maven.org/maven2/net/java/dev/jna/jna/5.13.0/jna-5.13.0-sources.jar[0m
2024.10.19 22:25:53 ERROR Downloaded https://repo1.maven.org/maven2/org/scala-sbt/actions_2.12/1.10.1/actions_2.12-1.10.1-sources.jar[0m
2024.10.19 22:25:53 ERROR Downloading https://repo1.maven.org/maven2/org/scala-sbt/test-agent/1.10.1/test-agent-1.10.1-sources.jar[0m
2024.10.19 22:25:53 ERROR Downloaded https://repo1.maven.org/maven2/com/eed3si9n/sjson-new-core_2.12/0.10.1/sjson-new-core_2.12-0.10.1-sources.jar[0m
2024.10.19 22:25:53 ERROR Downloading https://repo1.maven.org/maven2/org/checkerframework/checker-qual/3.4.1/checker-qual-3.4.1-sources.jar[0m
2024.10.19 22:25:53 ERROR Downloaded https://repo1.maven.org/maven2/org/scala-sbt/util-relation_2.12/1.10.1/util-relation_2.12-1.10.1-sources.jar[0m
2024.10.19 22:25:53 ERROR Downloading https://repo1.maven.org/maven2/org/scala-sbt/io_2.12/1.10.0/io_2.12-1.10.0-sources.jar[0m
2024.10.19 22:25:53 ERROR Downloaded https://repo1.maven.org/maven2/org/scala-sbt/test-agent/1.10.1/test-agent-1.10.1-sources.jar[0m
2024.10.19 22:25:53 ERROR Downloading https://repo1.maven.org/maven2/ch/epfl/scala/sbt-bloop_2.12_1.0/1.6.0/sbt-bloop_2.12_1.0-1.6.0-sources.jar[0m
2024.10.19 22:25:53 ERROR Downloaded https://repo1.maven.org/maven2/org/jline/jline-reader/3.24.1/jline-reader-3.24.1-sources.jar[0m
2024.10.19 22:25:53 ERROR Downloading https://repo1.maven.org/maven2/org/scala-sbt/zinc-core_2.12/1.10.1/zinc-core_2.12-1.10.1-sources.jar[0m
2024.10.19 22:25:53 ERROR Downloaded https://repo1.maven.org/maven2/org/scala-sbt/io_2.12/1.10.0/io_2.12-1.10.0-sources.jar[0m
2024.10.19 22:25:53 ERROR Downloading https://repo1.maven.org/maven2/org/jline/jline-terminal-jansi/3.24.1/jline-terminal-jansi-3.24.1-sources.jar[0m
2024.10.19 22:25:53 ERROR Downloaded https://repo1.maven.org/maven2/ch/epfl/scala/sbt-bloop_2.12_1.0/1.6.0/sbt-bloop_2.12_1.0-1.6.0-sources.jar[0m
2024.10.19 22:25:53 ERROR Downloading https://repo1.maven.org/maven2/org/apache/logging/log4j/log4j-api/2.17.1/log4j-api-2.17.1-sources.jar[0m
2024.10.19 22:25:53 ERROR Downloaded https://repo1.maven.org/maven2/org/checkerframework/checker-qual/3.4.1/checker-qual-3.4.1-sources.jar[0m
2024.10.19 22:25:53 ERROR Downloading https://repo1.maven.org/maven2/org/scala-sbt/util-tracking_2.12/1.10.1/util-tracking_2.12-1.10.1-sources.jar[0m
2024.10.19 22:25:53 ERROR Downloaded https://repo1.maven.org/maven2/net/java/dev/jna/jna/5.13.0/jna-5.13.0-sources.jar[0m
2024.10.19 22:25:53 ERROR Downloading https://repo1.maven.org/maven2/org/scala-sbt/zinc-lm-integration_2.12/1.10.1/zinc-lm-integration_2.12-1.10.1-sources.jar[0m
2024.10.19 22:25:53 ERROR Downloaded https://repo1.maven.org/maven2/org/scala-sbt/zinc-core_2.12/1.10.1/zinc-core_2.12-1.10.1-sources.jar[0m
2024.10.19 22:25:53 ERROR Downloading https://repo1.maven.org/maven2/org/scala-sbt/util-control_2.12/1.10.1/util-control_2.12-1.10.1-sources.jar[0m
2024.10.19 22:25:53 ERROR Downloaded https://repo1.maven.org/maven2/org/jline/jline-terminal-jansi/3.24.1/jline-terminal-jansi-3.24.1-sources.jar[0m
2024.10.19 22:25:53 ERROR Downloading https://repo1.maven.org/maven2/org/scala-sbt/compiler-bridge_2.12/1.10.1/compiler-bridge_2.12-1.10.1-sources.jar[0m
2024.10.19 22:25:53 ERROR Downloaded https://repo1.maven.org/maven2/org/scala-sbt/util-tracking_2.12/1.10.1/util-tracking_2.12-1.10.1-sources.jar[0m
2024.10.19 22:25:53 ERROR Downloading https://repo1.maven.org/maven2/org/scala-sbt/util-logging_2.12/1.10.1/util-logging_2.12-1.10.1-sources.jar[0m
2024.10.19 22:25:53 ERROR Downloaded https://repo1.maven.org/maven2/org/scala-sbt/zinc-lm-integration_2.12/1.10.1/zinc-lm-integration_2.12-1.10.1-sources.jar[0m
2024.10.19 22:25:53 ERROR Downloading https://repo1.maven.org/maven2/org/scala-lang/modules/scala-parser-combinators_2.12/1.1.2/scala-parser-combinators_2.12-1.1.2-sources.jar[0m
2024.10.19 22:25:53 ERROR Downloaded https://repo1.maven.org/maven2/org/scala-sbt/util-control_2.12/1.10.1/util-control_2.12-1.10.1-sources.jar[0m
2024.10.19 22:25:53 ERROR Downloading https://repo1.maven.org/maven2/org/jline/jline-style/3.24.1/jline-style-3.24.1-sources.jar[0m
2024.10.19 22:25:54 ERROR Downloaded https://repo1.maven.org/maven2/org/scala-sbt/compiler-bridge_2.12/1.10.1/compiler-bridge_2.12-1.10.1-sources.jar[0m
2024.10.19 22:25:54 ERROR Downloading https://repo1.maven.org/maven2/org/scala-sbt/zinc_2.12/1.10.1/zinc_2.12-1.10.1-sources.jar[0m
2024.10.19 22:25:54 ERROR Downloaded https://repo1.maven.org/maven2/org/scala-lang/modules/scala-parser-combinators_2.12/1.1.2/scala-parser-combinators_2.12-1.1.2-sources.jar[0m
2024.10.19 22:25:54 ERROR Downloading https://repo1.maven.org/maven2/org/scala-sbt/collections_2.12/1.10.1/collections_2.12-1.10.1-sources.jar[0m
2024.10.19 22:25:54 ERROR Downloaded https://repo1.maven.org/maven2/org/jline/jline-style/3.24.1/jline-style-3.24.1-sources.jar[0m
2024.10.19 22:25:54 ERROR Downloading https://repo1.maven.org/maven2/com/eed3si9n/shaded-scalajson_2.12/1.0.0-M4/shaded-scalajson_2.12-1.0.0-M4-sources.jar[0m
2024.10.19 22:25:54 ERROR Downloaded https://repo1.maven.org/maven2/org/scala-sbt/util-logging_2.12/1.10.1/util-logging_2.12-1.10.1-sources.jar[0m
2024.10.19 22:25:54 ERROR Downloading https://repo1.maven.org/maven2/org/scala-sbt/sbinary_2.12/0.5.1/sbinary_2.12-0.5.1-sources.jar[0m
2024.10.19 22:25:54 ERROR Downloaded https://repo1.maven.org/maven2/org/apache/logging/log4j/log4j-api/2.17.1/log4j-api-2.17.1-sources.jar[0m
2024.10.19 22:25:54 ERROR Downloading https://repo1.maven.org/maven2/com/lmax/disruptor/3.4.2/disruptor-3.4.2-sources.jar[0m
2024.10.19 22:25:54 ERROR Downloaded https://repo1.maven.org/maven2/org/scala-sbt/collections_2.12/1.10.1/collections_2.12-1.10.1-sources.jar[0m
2024.10.19 22:25:54 ERROR Downloading https://repo1.maven.org/maven2/org/scala-sbt/zinc-compile_2.12/1.10.1/zinc-compile_2.12-1.10.1-sources.jar[0m
2024.10.19 22:25:54 ERROR Downloaded https://repo1.maven.org/maven2/org/scala-sbt/sbinary_2.12/0.5.1/sbinary_2.12-0.5.1-sources.jar[0m
2024.10.19 22:25:54 ERROR Downloading https://repo1.maven.org/maven2/org/jline/jline-builtins/3.24.1/jline-builtins-3.24.1-sources.jar[0m
2024.10.19 22:25:54 ERROR Downloaded https://repo1.maven.org/maven2/com/eed3si9n/shaded-scalajson_2.12/1.0.0-M4/shaded-scalajson_2.12-1.0.0-M4-sources.jar[0m
2024.10.19 22:25:54 ERROR Downloading https://repo1.maven.org/maven2/com/eed3si9n/gigahorse-apache-http_2.12/0.7.0/gigahorse-apache-http_2.12-0.7.0-sources.jar[0m
2024.10.19 22:25:54 ERROR Downloaded https://repo1.maven.org/maven2/org/scala-sbt/zinc-compile_2.12/1.10.1/zinc-compile_2.12-1.10.1-sources.jar[0m
2024.10.19 22:25:54 ERROR Downloading https://repo1.maven.org/maven2/org/scala-sbt/util-interface/1.10.1/util-interface-1.10.1-sources.jar[0m
2024.10.19 22:25:54 ERROR Downloaded https://repo1.maven.org/maven2/com/eed3si9n/gigahorse-apache-http_2.12/0.7.0/gigahorse-apache-http_2.12-0.7.0-sources.jar[0m
2024.10.19 22:25:54 ERROR Downloading https://repo1.maven.org/maven2/org/scala-sbt/ipcsocket/ipcsocket/1.6.2/ipcsocket-1.6.2-sources.jar[0m
2024.10.19 22:25:54 ERROR Downloaded https://repo1.maven.org/maven2/com/lmax/disruptor/3.4.2/disruptor-3.4.2-sources.jar[0m
2024.10.19 22:25:54 ERROR Downloading https://repo1.maven.org/maven2/com/typesafe/config/1.4.2/config-1.4.2-sources.jar[0m
2024.10.19 22:25:54 ERROR Downloaded https://repo1.maven.org/maven2/org/scala-sbt/util-interface/1.10.1/util-interface-1.10.1-sources.jar[0m
2024.10.19 22:25:54 ERROR Downloading https://repo1.maven.org/maven2/com/google/errorprone/error_prone_annotations/2.4.0/error_prone_annotations-2.4.0-sources.jar[0m
2024.10.19 22:25:54 ERROR Downloaded https://repo1.maven.org/maven2/org/scala-sbt/ivy/ivy/2.3.0-sbt-396a783bba347016e7fe30dacc60d355be607fe2/ivy-2.3.0-sbt-396a783bba347016e7fe30dacc60d355be607fe2-sources.jar[0m
2024.10.19 22:25:54 ERROR Downloading https://repo1.maven.org/maven2/org/jline/jline-terminal/3.24.1/jline-terminal-3.24.1-sources.jar[0m
2024.10.19 22:25:54 ERROR Downloaded https://repo1.maven.org/maven2/org/jline/jline-builtins/3.24.1/jline-builtins-3.24.1-sources.jar[0m
2024.10.19 22:25:54 ERROR Downloaded https://repo1.maven.org/maven2/org/scala-sbt/zinc_2.12/1.10.1/zinc_2.12-1.10.1-sources.jar[0m
2024.10.19 22:25:54 ERROR Downloaded https://repo1.maven.org/maven2/com/typesafe/config/1.4.2/config-1.4.2-sources.jar[0m
2024.10.19 22:25:54 ERROR Downloaded https://repo1.maven.org/maven2/org/scala-sbt/ipcsocket/ipcsocket/1.6.2/ipcsocket-1.6.2-sources.jar[0m
2024.10.19 22:25:54 ERROR Downloaded https://repo1.maven.org/maven2/com/google/errorprone/error_prone_annotations/2.4.0/error_prone_annotations-2.4.0-sources.jar[0m
2024.10.19 22:25:54 ERROR Downloaded https://repo1.maven.org/maven2/org/jline/jline-terminal/3.24.1/jline-terminal-3.24.1-sources.jar[0m
2024.10.19 22:25:54 ERROR Downloading https://repo1.maven.org/maven2/org/scala-lang/modules/scala-xml_2.12/2.2.0/scala-xml_2.12-2.2.0-sources.jar[0m
2024.10.19 22:25:54 ERROR Downloading https://repo1.maven.org/maven2/jline/jline/2.14.6/jline-2.14.6-sources.jar[0m
2024.10.19 22:25:54 ERROR Downloaded https://repo1.maven.org/maven2/jline/jline/2.14.6/jline-2.14.6-sources.jar[0m
2024.10.19 22:25:54 ERROR Downloaded https://repo1.maven.org/maven2/org/scala-lang/modules/scala-xml_2.12/2.2.0/scala-xml_2.12-2.2.0-sources.jar[0m
2024.10.19 22:25:54 INFO  [0m
2024.10.19 22:25:54 INFO    | => leap-build / updateClassifiers 0s[0m
2024.10.19 22:25:54 INFO  [success] Generated .bloop/leap-build.json[0m
2024.10.19 22:25:54 INFO  [0m
2024.10.19 22:25:54 INFO    | => leap-build / updateClassifiers 0s[0m
2024.10.19 22:25:54 INFO  [success] Total time: 3 s, completed 19 Oct 2024, 22.25.54[0m
2024.10.19 22:25:55 INFO  [info] loading settings for project leap from build.sbt ...[0m
2024.10.19 22:25:55 INFO  [info] set current project to leap (in build file:/Users/mahmood/Exercism/scala/leap/)[0m
2024.10.19 22:25:55 INFO  [0m
2024.10.19 22:25:55 INFO    | => leap / updateClassifiers 0s[0m
2024.10.19 22:25:55 ERROR Downloading https://repo1.maven.org/maven2/com/vladsch/flexmark/flexmark-ext-anchorlink/0.62.2/flexmark-ext-anchorlink-0.62.2-sources.jar[0m
2024.10.19 22:25:55 ERROR Downloading https://repo1.maven.org/maven2/org/scalatest/scalatest-mustmatchers_3/3.2.19/scalatest-mustmatchers_3-3.2.19-sources.jar[0m
2024.10.19 22:25:55 ERROR Downloading https://repo1.maven.org/maven2/org/scalatest/scalatest-funspec_3/3.2.19/scalatest-funspec_3-3.2.19-sources.jar[0m
2024.10.19 22:25:55 ERROR Downloading https://repo1.maven.org/maven2/com/vladsch/flexmark/flexmark-ext-ins/0.62.2/flexmark-ext-ins-0.62.2-sources.jar[0m
2024.10.19 22:25:55 ERROR Downloading https://repo1.maven.org/maven2/com/fasterxml/jackson/datatype/jackson-datatype-jsr310/2.12.1/jackson-datatype-jsr310-2.12.1-sources.jar[0m
2024.10.19 22:25:55 ERROR Downloading https://repo1.maven.org/maven2/com/fasterxml/jackson/core/jackson-databind/2.15.1/jackson-databind-2.15.1-sources.jar[0m
2024.10.19 22:25:55 ERROR Downloaded https://repo1.maven.org/maven2/com/vladsch/flexmark/flexmark-ext-ins/0.62.2/flexmark-ext-ins-0.62.2-sources.jar[0m
2024.10.19 22:25:55 ERROR Downloading https://repo1.maven.org/maven2/org/scala-lang/scaladoc_3/3.4.2/scaladoc_3-3.4.2-sources.jar[0m
2024.10.19 22:25:55 ERROR Downloaded https://repo1.maven.org/maven2/com/vladsch/flexmark/flexmark-ext-anchorlink/0.62.2/flexmark-ext-anchorlink-0.62.2-sources.jar[0m
2024.10.19 22:25:55 ERROR Downloading https://repo1.maven.org/maven2/org/scala-lang/scala3-interfaces/3.4.2/scala3-interfaces-3.4.2-sources.jar[0m
2024.10.19 22:25:55 ERROR Downloaded https://repo1.maven.org/maven2/org/scalatest/scalatest-funspec_3/3.2.19/scalatest-funspec_3-3.2.19-sources.jar[0m
2024.10.19 22:25:55 ERROR Downloading https://repo1.maven.org/maven2/com/fasterxml/jackson/core/jackson-annotations/2.15.1/jackson-annotations-2.15.1-sources.jar[0m
2024.10.19 22:25:55 ERROR Downloaded https://repo1.maven.org/maven2/com/fasterxml/jackson/datatype/jackson-datatype-jsr310/2.12.1/jackson-datatype-jsr310-2.12.1-sources.jar[0m
2024.10.19 22:25:55 ERROR Downloading https://repo1.maven.org/maven2/org/scala-lang/tasty-core_3/3.4.2/tasty-core_3-3.4.2-sources.jar[0m
2024.10.19 22:25:55 ERROR Downloaded https://repo1.maven.org/maven2/com/fasterxml/jackson/core/jackson-annotations/2.15.1/jackson-annotations-2.15.1-sources.jar[0m
2024.10.19 22:25:55 ERROR Downloading https://repo1.maven.org/maven2/com/fasterxml/jackson/dataformat/jackson-dataformat-yaml/2.15.1/jackson-dataformat-yaml-2.15.1-sources.jar[0m
2024.10.19 22:25:55 ERROR Downloaded https://repo1.maven.org/maven2/org/scala-lang/tasty-core_3/3.4.2/tasty-core_3-3.4.2-sources.jar[0m
2024.10.19 22:25:55 ERROR Downloading https://repo1.maven.org/maven2/com/vladsch/flexmark/flexmark-ext-emoji/0.62.2/flexmark-ext-emoji-0.62.2-sources.jar[0m
2024.10.19 22:25:55 ERROR Downloaded https://repo1.maven.org/maven2/com/fasterxml/jackson/dataformat/jackson-dataformat-yaml/2.15.1/jackson-dataformat-yaml-2.15.1-sources.jar[0m
2024.10.19 22:25:55 ERROR Downloading https://repo1.maven.org/maven2/com/vladsch/flexmark/flexmark-util-collection/0.62.2/flexmark-util-collection-0.62.2-sources.jar[0m
2024.10.19 22:25:55 ERROR Downloaded https://repo1.maven.org/maven2/org/scalatest/scalatest-mustmatchers_3/3.2.19/scalatest-mustmatchers_3-3.2.19-sources.jar[0m
2024.10.19 22:25:55 ERROR Downloading https://repo1.maven.org/maven2/org/jsoup/jsoup/1.17.2/jsoup-1.17.2-sources.jar[0m
2024.10.19 22:25:55 ERROR Downloaded https://repo1.maven.org/maven2/com/vladsch/flexmark/flexmark-ext-emoji/0.62.2/flexmark-ext-emoji-0.62.2-sources.jar[0m
2024.10.19 22:25:55 ERROR Downloading https://repo1.maven.org/maven2/org/scalatest/scalatest-compatible/3.2.19/scalatest-compatible-3.2.19-sources.jar[0m
2024.10.19 22:25:55 ERROR Downloaded https://repo1.maven.org/maven2/com/vladsch/flexmark/flexmark-util-collection/0.62.2/flexmark-util-collection-0.62.2-sources.jar[0m
2024.10.19 22:25:55 ERROR Downloading https://repo1.maven.org/maven2/com/vladsch/flexmark/flexmark-util-format/0.62.2/flexmark-util-format-0.62.2-sources.jar[0m
2024.10.19 22:25:55 ERROR Downloaded https://repo1.maven.org/maven2/com/fasterxml/jackson/core/jackson-databind/2.15.1/jackson-databind-2.15.1-sources.jar[0m
2024.10.19 22:25:55 ERROR Downloading https://repo1.maven.org/maven2/nl/big-o/liqp/0.8.2/liqp-0.8.2-sources.jar[0m
2024.10.19 22:25:55 ERROR Downloaded https://repo1.maven.org/maven2/org/scalatest/scalatest-compatible/3.2.19/scalatest-compatible-3.2.19-sources.jar[0m
2024.10.19 22:25:55 ERROR Downloading https://repo1.maven.org/maven2/org/scalatest/scalatest-core_3/3.2.19/scalatest-core_3-3.2.19-sources.jar[0m
2024.10.19 22:25:55 ERROR Downloaded https://repo1.maven.org/maven2/com/vladsch/flexmark/flexmark-util-format/0.62.2/flexmark-util-format-0.62.2-sources.jar[0m
2024.10.19 22:25:55 ERROR Downloading https://repo1.maven.org/maven2/org/scala-lang/scala3-compiler_3/3.4.2/scala3-compiler_3-3.4.2-sources.jar[0m
2024.10.19 22:25:55 ERROR Downloaded https://repo1.maven.org/maven2/nl/big-o/liqp/0.8.2/liqp-0.8.2-sources.jar[0m
2024.10.19 22:25:55 ERROR Downloading https://repo1.maven.org/maven2/com/vladsch/flexmark/flexmark-ext-gfm-tasklist/0.62.2/flexmark-ext-gfm-tasklist-0.62.2-sources.jar[0m
2024.10.19 22:25:55 ERROR Downloaded https://repo1.maven.org/maven2/org/jsoup/jsoup/1.17.2/jsoup-1.17.2-sources.jar[0m
2024.10.19 22:25:55 ERROR Downloading https://repo1.maven.org/maven2/com/fasterxml/jackson/core/jackson-core/2.15.1/jackson-core-2.15.1-sources.jar[0m
2024.10.19 22:25:55 ERROR Downloaded https://repo1.maven.org/maven2/org/scala-lang/scala3-interfaces/3.4.2/scala3-interfaces-3.4.2-sources.jar[0m
2024.10.19 22:25:55 ERROR Downloading https://repo1.maven.org/maven2/org/scala-lang/modules/scala-xml_3/2.1.0/scala-xml_3-2.1.0-sources.jar[0m
2024.10.19 22:25:55 ERROR Downloaded https://repo1.maven.org/maven2/com/vladsch/flexmark/flexmark-ext-gfm-tasklist/0.62.2/flexmark-ext-gfm-tasklist-0.62.2-sources.jar[0m
2024.10.19 22:25:55 ERROR Downloading https://repo1.maven.org/maven2/com/vladsch/flexmark/flexmark-util-ast/0.62.2/flexmark-util-ast-0.62.2-sources.jar[0m
2024.10.19 22:25:55 ERROR Downloaded https://repo1.maven.org/maven2/org/scala-lang/modules/scala-xml_3/2.1.0/scala-xml_3-2.1.0-sources.jar[0m
2024.10.19 22:25:55 ERROR Downloading https://repo1.maven.org/maven2/org/scalatest/scalatest-diagrams_3/3.2.19/scalatest-diagrams_3-3.2.19-sources.jar[0m
2024.10.19 22:25:55 ERROR Downloaded https://repo1.maven.org/maven2/com/vladsch/flexmark/flexmark-util-ast/0.62.2/flexmark-util-ast-0.62.2-sources.jar[0m
2024.10.19 22:25:55 ERROR Downloading https://repo1.maven.org/maven2/com/vladsch/flexmark/flexmark-ext-superscript/0.62.2/flexmark-ext-superscript-0.62.2-sources.jar[0m
2024.10.19 22:25:55 ERROR Downloaded https://repo1.maven.org/maven2/com/fasterxml/jackson/core/jackson-core/2.15.1/jackson-core-2.15.1-sources.jar[0m
2024.10.19 22:25:55 ERROR Downloading https://repo1.maven.org/maven2/com/vladsch/flexmark/flexmark-util-data/0.62.2/flexmark-util-data-0.62.2-sources.jar[0m
2024.10.19 22:25:55 ERROR Downloaded https://repo1.maven.org/maven2/org/scalatest/scalatest-diagrams_3/3.2.19/scalatest-diagrams_3-3.2.19-sources.jar[0m
2024.10.19 22:25:55 ERROR Downloading https://repo1.maven.org/maven2/ua/co/k/strftime4j/1.0.5/strftime4j-1.0.5-sources.jar[0m
2024.10.19 22:25:55 ERROR Downloaded https://repo1.maven.org/maven2/com/vladsch/flexmark/flexmark-ext-superscript/0.62.2/flexmark-ext-superscript-0.62.2-sources.jar[0m
2024.10.19 22:25:55 ERROR Downloading https://repo1.maven.org/maven2/com/vladsch/flexmark/flexmark-util-html/0.62.2/flexmark-util-html-0.62.2-sources.jar[0m
2024.10.19 22:25:55 ERROR Downloaded https://repo1.maven.org/maven2/com/vladsch/flexmark/flexmark-util-data/0.62.2/flexmark-util-data-0.62.2-sources.jar[0m
2024.10.19 22:25:55 ERROR Downloading https://repo1.maven.org/maven2/org/scalatest/scalatest-wordspec_3/3.2.19/scalatest-wordspec_3-3.2.19-sources.jar[0m
2024.10.19 22:25:55 ERROR Downloaded https://repo1.maven.org/maven2/ua/co/k/strftime4j/1.0.5/strftime4j-1.0.5-sources.jar[0m
2024.10.19 22:25:55 ERROR Downloading https://repo1.maven.org/maven2/com/vladsch/flexmark/flexmark-ext-autolink/0.62.2/flexmark-ext-autolink-0.62.2-sources.jar[0m
2024.10.19 22:25:55 ERROR Downloaded https://repo1.maven.org/maven2/com/vladsch/flexmark/flexmark-util-html/0.62.2/flexmark-util-html-0.62.2-sources.jar[0m
2024.10.19 22:25:55 ERROR Downloading https://repo1.maven.org/maven2/com/vladsch/flexmark/flexmark-util-builder/0.62.2/flexmark-util-builder-0.62.2-sources.jar[0m
2024.10.19 22:25:55 ERROR Downloaded https://repo1.maven.org/maven2/org/scalatest/scalatest-core_3/3.2.19/scalatest-core_3-3.2.19-sources.jar[0m
2024.10.19 22:25:55 ERROR Downloading https://repo1.maven.org/maven2/com/vladsch/flexmark/flexmark-util/0.62.2/flexmark-util-0.62.2-sources.jar[0m
2024.10.19 22:25:55 ERROR Downloaded https://repo1.maven.org/maven2/org/scalatest/scalatest-wordspec_3/3.2.19/scalatest-wordspec_3-3.2.19-sources.jar[0m
2024.10.19 22:25:55 ERROR Downloading https://repo1.maven.org/maven2/org/scalatest/scalatest_3/3.2.19/scalatest_3-3.2.19-sources.jar[0m
2024.10.19 22:25:55 ERROR Downloaded https://repo1.maven.org/maven2/com/vladsch/flexmark/flexmark-util-builder/0.62.2/flexmark-util-builder-0.62.2-sources.jar[0m
2024.10.19 22:25:55 ERROR Downloading https://repo1.maven.org/maven2/org/scalactic/scalactic_3/3.2.19/scalactic_3-3.2.19-sources.jar[0m
2024.10.19 22:25:55 ERROR Downloaded https://repo1.maven.org/maven2/com/vladsch/flexmark/flexmark-ext-autolink/0.62.2/flexmark-ext-autolink-0.62.2-sources.jar[0m
2024.10.19 22:25:55 ERROR Downloading https://repo1.maven.org/maven2/org/scalatest/scalatest-funsuite_3/3.2.19/scalatest-funsuite_3-3.2.19-sources.jar[0m
2024.10.19 22:25:55 ERROR Downloaded https://repo1.maven.org/maven2/org/scala-lang/scala3-compiler_3/3.4.2/scala3-compiler_3-3.4.2-sources.jar[0m
2024.10.19 22:25:55 ERROR Downloading https://repo1.maven.org/maven2/org/scalatest/scalatest-freespec_3/3.2.19/scalatest-freespec_3-3.2.19-sources.jar[0m
2024.10.19 22:25:55 ERROR Downloaded https://repo1.maven.org/maven2/org/scalatest/scalatest_3/3.2.19/scalatest_3-3.2.19-sources.jar[0m
2024.10.19 22:25:55 ERROR Downloading https://repo1.maven.org/maven2/com/vladsch/flexmark/flexmark-ext-tables/0.62.2/flexmark-ext-tables-0.62.2-sources.jar[0m
2024.10.19 22:25:55 ERROR Downloaded https://repo1.maven.org/maven2/org/scala-lang/scaladoc_3/3.4.2/scaladoc_3-3.4.2-sources.jar[0m
2024.10.19 22:25:55 ERROR Downloading https://repo1.maven.org/maven2/com/vladsch/flexmark/flexmark-util-misc/0.62.2/flexmark-util-misc-0.62.2-sources.jar[0m
2024.10.19 22:25:56 INFO  [0m
2024.10.19 22:25:56 INFO    | => leap / updateClassifiers 0s[0m
2024.10.19 22:25:55 ERROR Downloaded https://repo1.maven.org/maven2/com/vladsch/flexmark/flexmark-util/0.62.2/flexmark-util-0.62.2-sources.jar[0m
2024.10.19 22:25:55 ERROR Downloading https://repo1.maven.org/maven2/org/jetbrains/annotations/15.0/annotations-15.0-sources.jar[0m
2024.10.19 22:25:55 ERROR Downloaded https://repo1.maven.org/maven2/org/scalatest/scalatest-freespec_3/3.2.19/scalatest-freespec_3-3.2.19-sources.jar[0m
2024.10.19 22:25:55 ERROR Downloading https://repo1.maven.org/maven2/com/vladsch/flexmark/flexmark-jira-converter/0.62.2/flexmark-jira-converter-0.62.2-sources.jar[0m
2024.10.19 22:25:55 ERROR Downloaded https://repo1.maven.org/maven2/com/vladsch/flexmark/flexmark-ext-tables/0.62.2/flexmark-ext-tables-0.62.2-sources.jar[0m
2024.10.19 22:25:55 ERROR Downloading https://repo1.maven.org/maven2/org/scalatest/scalatest-propspec_3/3.2.19/scalatest-propspec_3-3.2.19-sources.jar[0m
2024.10.19 22:25:55 ERROR Downloaded https://repo1.maven.org/maven2/org/scalatest/scalatest-funsuite_3/3.2.19/scalatest-funsuite_3-3.2.19-sources.jar[0m
2024.10.19 22:25:55 ERROR Downloading https://repo1.maven.org/maven2/com/vladsch/flexmark/flexmark-ext-wikilink/0.62.2/flexmark-ext-wikilink-0.62.2-sources.jar[0m
2024.10.19 22:25:55 ERROR Downloaded https://repo1.maven.org/maven2/com/vladsch/flexmark/flexmark-util-misc/0.62.2/flexmark-util-misc-0.62.2-sources.jar[0m
2024.10.19 22:25:55 ERROR Downloading https://repo1.maven.org/maven2/org/nibor/autolink/autolink/0.6.0/autolink-0.6.0-sources.jar[0m
2024.10.19 22:25:55 ERROR Downloaded https://repo1.maven.org/maven2/org/jetbrains/annotations/15.0/annotations-15.0-sources.jar[0m
2024.10.19 22:25:55 ERROR Downloading https://repo1.maven.org/maven2/com/vladsch/flexmark/flexmark-ext-yaml-front-matter/0.62.2/flexmark-ext-yaml-front-matter-0.62.2-sources.jar[0m
2024.10.19 22:25:55 ERROR Downloaded https://repo1.maven.org/maven2/org/scalactic/scalactic_3/3.2.19/scalactic_3-3.2.19-sources.jar[0m
2024.10.19 22:25:55 ERROR Downloading https://repo1.maven.org/maven2/com/vladsch/flexmark/flexmark-util-options/0.62.2/flexmark-util-options-0.62.2-sources.jar[0m
2024.10.19 22:25:55 ERROR Downloaded https://repo1.maven.org/maven2/com/vladsch/flexmark/flexmark-jira-converter/0.62.2/flexmark-jira-converter-0.62.2-sources.jar[0m
2024.10.19 22:25:55 ERROR Downloading https://repo1.maven.org/maven2/org/scalatest/scalatest-refspec_3/3.2.19/scalatest-refspec_3-3.2.19-sources.jar[0m
2024.10.19 22:25:55 ERROR Downloaded https://repo1.maven.org/maven2/org/nibor/autolink/autolink/0.6.0/autolink-0.6.0-sources.jar[0m
2024.10.19 22:25:55 ERROR Downloaded https://repo1.maven.org/maven2/com/vladsch/flexmark/flexmark-ext-wikilink/0.62.2/flexmark-ext-wikilink-0.62.2-sources.jar[0m
2024.10.19 22:25:55 ERROR Downloading https://repo1.maven.org/maven2/org/antlr/antlr4-runtime/4.7.2/antlr4-runtime-4.7.2-sources.jar[0m
2024.10.19 22:25:55 ERROR Downloading https://repo1.maven.org/maven2/com/vladsch/flexmark/flexmark-util-visitor/0.62.2/flexmark-util-visitor-0.62.2-sources.jar[0m
2024.10.19 22:25:55 ERROR Downloaded https://repo1.maven.org/maven2/com/vladsch/flexmark/flexmark-ext-yaml-front-matter/0.62.2/flexmark-ext-yaml-front-matter-0.62.2-sources.jar[0m
2024.10.19 22:25:55 ERROR Downloading https://repo1.maven.org/maven2/org/scalatest/scalatest-shouldmatchers_3/3.2.19/scalatest-shouldmatchers_3-3.2.19-sources.jar[0m
2024.10.19 22:25:55 ERROR Downloaded https://repo1.maven.org/maven2/com/vladsch/flexmark/flexmark-util-options/0.62.2/flexmark-util-options-0.62.2-sources.jar[0m
2024.10.19 22:25:55 ERROR Downloading https://repo1.maven.org/maven2/org/scala-lang/scala3-tasty-inspector_3/3.4.2/scala3-tasty-inspector_3-3.4.2-sources.jar[0m
2024.10.19 22:25:55 ERROR Downloaded https://repo1.maven.org/maven2/org/scalatest/scalatest-refspec_3/3.2.19/scalatest-refspec_3-3.2.19-sources.jar[0m
2024.10.19 22:25:55 ERROR Downloading https://repo1.maven.org/maven2/com/vladsch/flexmark/flexmark-util-sequence/0.62.2/flexmark-util-sequence-0.62.2-sources.jar[0m
2024.10.19 22:25:55 ERROR Downloaded https://repo1.maven.org/maven2/org/scalatest/scalatest-propspec_3/3.2.19/scalatest-propspec_3-3.2.19-sources.jar[0m
2024.10.19 22:25:55 ERROR Downloading https://repo1.maven.org/maven2/org/scalatest/scalatest-matchers-core_3/3.2.19/scalatest-matchers-core_3-3.2.19-sources.jar[0m
2024.10.19 22:25:55 ERROR Downloaded https://repo1.maven.org/maven2/com/vladsch/flexmark/flexmark-util-visitor/0.62.2/flexmark-util-visitor-0.62.2-sources.jar[0m
2024.10.19 22:25:55 ERROR Downloading https://repo1.maven.org/maven2/org/yaml/snakeyaml/2.0/snakeyaml-2.0-sources.jar[0m
2024.10.19 22:25:55 ERROR Downloaded https://repo1.maven.org/maven2/org/scala-lang/scala3-tasty-inspector_3/3.4.2/scala3-tasty-inspector_3-3.4.2-sources.jar[0m
2024.10.19 22:25:55 ERROR Downloading https://repo1.maven.org/maven2/org/scalatest/scalatest-featurespec_3/3.2.19/scalatest-featurespec_3-3.2.19-sources.jar[0m
2024.10.19 22:25:55 ERROR Downloaded https://repo1.maven.org/maven2/org/scalatest/scalatest-shouldmatchers_3/3.2.19/scalatest-shouldmatchers_3-3.2.19-sources.jar[0m
2024.10.19 22:25:55 ERROR Downloading https://repo1.maven.org/maven2/com/vladsch/flexmark/flexmark-util-dependency/0.62.2/flexmark-util-dependency-0.62.2-sources.jar[0m
2024.10.19 22:25:55 ERROR Downloaded https://repo1.maven.org/maven2/com/vladsch/flexmark/flexmark-util-sequence/0.62.2/flexmark-util-sequence-0.62.2-sources.jar[0m
2024.10.19 22:25:55 ERROR Downloading https://repo1.maven.org/maven2/com/vladsch/flexmark/flexmark/0.62.2/flexmark-0.62.2-sources.jar[0m
2024.10.19 22:25:55 ERROR Downloaded https://repo1.maven.org/maven2/com/vladsch/flexmark/flexmark-util-dependency/0.62.2/flexmark-util-dependency-0.62.2-sources.jar[0m
2024.10.19 22:25:55 ERROR Downloading https://repo1.maven.org/maven2/org/scalatest/scalatest-flatspec_3/3.2.19/scalatest-flatspec_3-3.2.19-sources.jar[0m
2024.10.19 22:25:55 ERROR Downloaded https://repo1.maven.org/maven2/org/antlr/antlr4-runtime/4.7.2/antlr4-runtime-4.7.2-sources.jar[0m
2024.10.19 22:25:55 ERROR Downloading https://repo1.maven.org/maven2/com/vladsch/flexmark/flexmark-ext-gfm-strikethrough/0.62.2/flexmark-ext-gfm-strikethrough-0.62.2-sources.jar[0m
2024.10.19 22:25:55 ERROR Downloaded https://repo1.maven.org/maven2/org/scalatest/scalatest-featurespec_3/3.2.19/scalatest-featurespec_3-3.2.19-sources.jar[0m
2024.10.19 22:25:55 ERROR Downloaded https://repo1.maven.org/maven2/org/scalatest/scalatest-matchers-core_3/3.2.19/scalatest-matchers-core_3-3.2.19-sources.jar[0m
2024.10.19 22:25:55 ERROR Downloaded https://repo1.maven.org/maven2/org/yaml/snakeyaml/2.0/snakeyaml-2.0-sources.jar[0m
2024.10.19 22:25:55 ERROR Downloading https://repo1.maven.org/maven2/com/vladsch/flexmark/flexmark-util/0.62.2/flexmark-util-0.62.2-sources.jar.sha1[0m
2024.10.19 22:25:55 ERROR Downloaded https://repo1.maven.org/maven2/com/vladsch/flexmark/flexmark-ext-gfm-strikethrough/0.62.2/flexmark-ext-gfm-strikethrough-0.62.2-sources.jar[0m
2024.10.19 22:25:55 ERROR Downloaded https://repo1.maven.org/maven2/com/vladsch/flexmark/flexmark-util/0.62.2/flexmark-util-0.62.2-sources.jar.sha1[0m
2024.10.19 22:25:55 ERROR Downloaded https://repo1.maven.org/maven2/org/scalatest/scalatest-flatspec_3/3.2.19/scalatest-flatspec_3-3.2.19-sources.jar[0m
2024.10.19 22:25:55 ERROR Downloaded https://repo1.maven.org/maven2/com/vladsch/flexmark/flexmark/0.62.2/flexmark-0.62.2-sources.jar[0m
2024.10.19 22:25:56 INFO  [success] Generated .bloop/leap.json[0m
2024.10.19 22:25:56 INFO  [0m
2024.10.19 22:25:56 INFO    | => leap / updateClassifiers 0s[0m
2024.10.19 22:25:56 INFO  [success] Generated .bloop/leap-test.json[0m
2024.10.19 22:25:56 INFO  [0m
2024.10.19 22:25:56 INFO    | => leap / updateClassifiers 0s[0m
2024.10.19 22:25:56 INFO  [success] Total time: 1 s, completed 19 Oct 2024, 22.25.56[0m
2024.10.19 22:25:56 INFO  [0m
2024.10.19 22:25:57 INFO  time: ran 'sbt bloopInstall' in 11s[0m
2024.10.19 22:25:57 INFO  Attempting to connect to the build server...[0m
2024.10.19 22:25:57 INFO  Setting up current java home /opt/homebrew/Cellar/openjdk/23/libexec/openjdk.jdk/Contents/Home in /Users/mahmood/.bloop/bloop.json[0m
2024.10.19 22:25:58 INFO  no build target found for /Users/mahmood/Exercism/scala/leap/src/main/scala/Leap.scala. Using presentation compiler with project's scala-library version: 3.3.3[0m
2024.10.19 22:25:58 INFO  no build target found for /Users/mahmood/Exercism/scala/leap/src/main/scala/Leap.scala. Using presentation compiler with project's scala-library version: 3.3.3[0m
2024.10.19 22:25:58 INFO  no build target found for /Users/mahmood/Exercism/scala/leap/src/main/scala/Leap.scala. Using presentation compiler with project's scala-library version: 3.3.3[0m
2024.10.19 22:25:58 INFO  no build target found for /Users/mahmood/Exercism/scala/leap/src/main/scala/Leap.scala. Using presentation compiler with project's scala-library version: 3.3.3[0m
2024.10.19 22:25:59 INFO  no build target found for /Users/mahmood/Exercism/scala/leap/src/main/scala/Leap.scala. Using presentation compiler with project's scala-library version: 3.3.3[0m
2024.10.19 22:26:00 INFO  tracing is disabled for protocol BSP, to enable tracing of incoming and outgoing JSON messages create an empty file at /Users/mahmood/Exercism/scala/leap/.metals/bsp.trace.json or /Users/mahmood/Library/Caches/org.scalameta.metals/bsp.trace.json[0m
2024.10.19 22:26:00 INFO  Attempting to connect to the build server...[0m
2024.10.19 22:26:00 INFO  tracing is disabled for protocol BSP, to enable tracing of incoming and outgoing JSON messages create an empty file at /Users/mahmood/Exercism/scala/leap/project/.metals/bsp.trace.json or /Users/mahmood/Library/Caches/org.scalameta.metals/bsp.trace.json[0m
2024.10.19 22:26:01 INFO  Shutting down server[0m
2024.10.19 22:26:01 INFO  shutting down Metals[0m
java.util.concurrent.RejectedExecutionException: Task Future(<not completed>) rejected from java.util.concurrent.ThreadPoolExecutor@66498326[Shutting down, pool size = 3, active threads = 3, queued tasks = 0, completed tasks = 137]
	at java.base/java.util.concurrent.ThreadPoolExecutor$AbortPolicy.rejectedExecution(ThreadPoolExecutor.java:2082)
	at java.base/java.util.concurrent.ThreadPoolExecutor.reject(ThreadPoolExecutor.java:841)
	at java.base/java.util.concurrent.ThreadPoolExecutor.execute(ThreadPoolExecutor.java:1377)
	at scala.concurrent.impl.ExecutionContextImpl.execute(ExecutionContextImpl.scala:21)
	at scala.concurrent.impl.Promise$Transformation.submitWithValue(Promise.scala:429)
	at scala.concurrent.impl.Promise$DefaultPromise.submitWithValue(Promise.scala:338)
	at scala.concurrent.impl.Promise$DefaultPromise.tryComplete0(Promise.scala:285)
	at scala.concurrent.impl.Promise$Transformation.handleFailure(Promise.scala:444)
	at scala.concurrent.impl.Promise$Transformation.submitWithValue(Promise.scala:435)
	at scala.concurrent.impl.Promise$DefaultPromise.submitWithValue(Promise.scala:338)
	at scala.concurrent.impl.Promise$DefaultPromise.tryComplete0(Promise.scala:285)
	at scala.concurrent.impl.Promise$Transformation.handleFailure(Promise.scala:444)
	at scala.concurrent.impl.Promise$Transformation.submitWithValue(Promise.scala:435)
	at scala.concurrent.impl.Promise$DefaultPromise.submitWithValue(Promise.scala:338)
	at scala.concurrent.impl.Promise$DefaultPromise.tryComplete0(Promise.scala:285)
	at scala.concurrent.impl.Promise$Transformation.handleFailure(Promise.scala:444)
	at scala.concurrent.impl.Promise$Transformation.submitWithValue(Promise.scala:435)
	at scala.concurrent.impl.Promise$DefaultPromise.submitWithValue(Promise.scala:338)
	at scala.concurrent.impl.Promise$DefaultPromise.tryComplete0(Promise.scala:285)
	at scala.concurrent.impl.Promise$Transformation.handleFailure(Promise.scala:444)
	at scala.concurrent.impl.Promise$Transformation.submitWithValue(Promise.scala:435)
	at scala.concurrent.impl.Promise$DefaultPromise.submitWithValue(Promise.scala:338)
	at scala.concurrent.impl.Promise$DefaultPromise.tryComplete0(Promise.scala:285)
	at scala.concurrent.impl.Promise$Transformation.handleFailure(Promise.scala:444)
	at scala.concurrent.impl.Promise$Transformation.submitWithValue(Promise.scala:435)
	at scala.concurrent.impl.Promise$DefaultPromise.submitWithValue(Promise.scala:338)
	at scala.concurrent.impl.Promise$DefaultPromise.tryComplete0(Promise.scala:285)
	at scala.concurrent.impl.Promise$Transformation.handleFailure(Promise.scala:444)
	at scala.concurrent.impl.Promise$Transformation.submitWithValue(Promise.scala:435)
	at scala.concurrent.impl.Promise$DefaultPromise.submitWithValue(Promise.scala:338)
	at scala.concurrent.impl.Promise$DefaultPromise.tryComplete0(Promise.scala:285)
	at scala.concurrent.impl.Promise$Transformation.handleFailure(Promise.scala:444)
	at scala.concurrent.impl.Promise$Transformation.submitWithValue(Promise.scala:435)
	at scala.concurrent.impl.Promise$DefaultPromise.submitWithValue(Promise.scala:338)
	at scala.concurrent.impl.Promise$DefaultPromise.tryComplete0(Promise.scala:285)
	at scala.concurrent.impl.Promise$Transformation.handleFailure(Promise.scala:444)
	at scala.concurrent.impl.Promise$Transformation.submitWithValue(Promise.scala:435)
	at scala.concurrent.impl.Promise$DefaultPromise.submitWithValue(Promise.scala:338)
	at scala.concurrent.impl.Promise$DefaultPromise.tryComplete0(Promise.scala:285)
	at scala.concurrent.impl.Promise$Transformation.handleFailure(Promise.scala:444)
	at scala.concurrent.impl.Promise$Transformation.submitWithValue(Promise.scala:435)
	at scala.concurrent.impl.Promise$DefaultPromise.submitWithValue(Promise.scala:338)
	at scala.concurrent.impl.Promise$DefaultPromise.tryComplete0(Promise.scala:285)
	at scala.concurrent.impl.Promise$Transformation.handleFailure(Promise.scala:444)
	at scala.concurrent.impl.Promise$Transformation.submitWithValue(Promise.scala:435)
	at scala.concurrent.impl.Promise$DefaultPromise.submitWithValue(Promise.scala:338)
	at scala.concurrent.impl.Promise$DefaultPromise.tryComplete0(Promise.scala:285)
	at scala.concurrent.impl.Promise$Transformation.handleFailure(Promise.scala:444)
	at scala.concurrent.impl.Promise$Transformation.submitWithValue(Promise.scala:435)
	at scala.concurrent.impl.Promise$DefaultPromise.submitWithValue(Promise.scala:338)
	at scala.concurrent.impl.Promise$DefaultPromise.tryComplete0(Promise.scala:285)
	at scala.concurrent.impl.Promise$Transformation.handleFailure(Promise.scala:444)
	at scala.concurrent.impl.Promise$Transformation.submitWithValue(Promise.scala:435)
	at scala.concurrent.impl.Promise$DefaultPromise.submitWithValue(Promise.scala:338)
	at scala.concurrent.impl.Promise$DefaultPromise.tryComplete0(Promise.scala:285)
	at scala.concurrent.impl.Promise$Transformation.run(Promise.scala:504)
	at scala.concurrent.ExecutionContext$parasitic$.execute(ExecutionContext.scala:222)
	at scala.concurrent.impl.Promise$Transformation.submitWithValue(Promise.scala:429)
	at scala.concurrent.impl.Promise$DefaultPromise.submitWithValue(Promise.scala:338)
	at scala.concurrent.impl.Promise$DefaultPromise.tryComplete0(Promise.scala:285)
	at scala.concurrent.impl.Promise$Transformation.handleFailure(Promise.scala:444)
	at scala.concurrent.impl.Promise$Transformation.submitWithValue(Promise.scala:435)
	at scala.concurrent.impl.Promise$DefaultPromise.submitWithValue(Promise.scala:338)
	at scala.concurrent.impl.Promise$DefaultPromise.tryComplete0(Promise.scala:285)
	at scala.concurrent.impl.Promise$Transformation.handleFailure(Promise.scala:444)
	at scala.concurrent.impl.Promise$Transformation.submitWithValue(Promise.scala:435)
	at scala.concurrent.impl.Promise$DefaultPromise.submitWithValue(Promise.scala:338)
	at scala.concurrent.impl.Promise$DefaultPromise.tryComplete0(Promise.scala:285)
	at scala.concurrent.impl.Promise$Transformation.handleFailure(Promise.scala:444)
	at scala.concurrent.impl.Promise$Transformation.submitWithValue(Promise.scala:435)
	at scala.concurrent.impl.Promise$DefaultPromise.submitWithValue(Promise.scala:338)
	at scala.concurrent.impl.Promise$DefaultPromise.tryComplete0(Promise.scala:285)
	at scala.concurrent.impl.Promise$Transformation.handleFailure(Promise.scala:444)
	at scala.concurrent.impl.Promise$Transformation.submitWithValue(Promise.scala:435)
	at scala.concurrent.impl.Promise$DefaultPromise.submitWithValue(Promise.scala:338)
	at scala.concurrent.impl.Promise$DefaultPromise.tryComplete0(Promise.scala:285)
	at scala.concurrent.impl.Promise$Transformation.handleFailure(Promise.scala:444)
	at scala.concurrent.impl.Promise$Transformation.run(Promise.scala:506)
	at java.base/java.util.concurrent.ThreadPoolExecutor.runWorker(ThreadPoolExecutor.java:1144)
	at java.base/java.util.concurrent.ThreadPoolExecutor$Worker.run(ThreadPoolExecutor.java:642)
	at java.base/java.lang.Thread.run(Thread.java:1575)
2024.10.19 22:26:26 INFO  Started: Metals version 1.3.5 in folders '/Users/mahmood/Exercism/scala/leap' for client Neovim 0.10.2.[0m
SLF4J(W): Class path contains multiple SLF4J providers.
SLF4J(W): Found provider [scribe.slf4j.ScribeServiceProvider@32c9b4cf]
SLF4J(W): Found provider [ch.qos.logback.classic.spi.LogbackServiceProvider@4621ad79]
SLF4J(W): See https://www.slf4j.org/codes.html#multiple_bindings for an explanation.
SLF4J(I): Actual provider is of type [scribe.slf4j.ScribeServiceProvider@32c9b4cf]
2024.10.19 22:26:26 WARN  Flyway upgrade recommended: H2 2.3.230 is newer than this version of Flyway and support has not been tested. The latest supported version of H2 is 2.2.220.[0m
2024.10.19 22:26:26 INFO  no build target found for /Users/mahmood/Exercism/scala/leap/src/main/scala/Leap.scala. Using presentation compiler with project's scala-library version: 3.3.3[0m
2024.10.19 22:26:27 INFO  Attempting to connect to the build server...[0m
2024.10.19 22:26:27 INFO  tracing is disabled for protocol BSP, to enable tracing of incoming and outgoing JSON messages create an empty file at /Users/mahmood/Exercism/scala/leap/.metals/bsp.trace.json or /Users/mahmood/Library/Caches/org.scalameta.metals/bsp.trace.json[0m
2024.10.19 22:26:27 INFO  Attempting to connect to the build server...[0m
2024.10.19 22:26:27 INFO  tracing is disabled for protocol BSP, to enable tracing of incoming and outgoing JSON messages create an empty file at /Users/mahmood/Exercism/scala/leap/project/.metals/bsp.trace.json or /Users/mahmood/Library/Caches/org.scalameta.metals/bsp.trace.json[0m
2024.10.19 22:26:27 INFO  time: Connected to build server in 0.59s[0m
2024.10.19 22:26:27 INFO  Connected to Build server: Bloop v1.6.0[0m
2024.10.19 22:26:28 INFO  time: Imported build in 0.16s[0m
2024.10.19 22:26:28 INFO  running doctor check[0m
2024.10.19 22:26:28 INFO  java targets: leap, leap-test, leap-build[0m
2024.10.19 22:26:37 WARN  Unable to run doctor. Make sure `isHttpEnabled` is set to `true`.[0m
2024.10.19 22:26:37 INFO  Required scalafmt dialect rewrite to 'scala3'. Directories:
- src/test/scala
- src/main/scala[0m
2024.10.19 22:26:40 WARN  Flyway upgrade recommended: H2 2.3.230 is newer than this version of Flyway and support has not been tested. The latest supported version of H2 is 2.2.220.[0m
2024.10.19 22:26:41 WARN  org.h2.jdbc.JdbcBatchUpdateException: Unique index or primary key violation: "PUBLIC.PRIMARY_KEY_3 ON PUBLIC.TOPLEVEL_SYMBOL(JAR, PATH, SYMBOL) VALUES ( /* key:2906 */ 3, '/org/scalatest/enablers/TableAsserting.scala', 'org/scalatest/enablers/ForResult#')"; SQL statement:
insert into toplevel_symbol (symbol, path, jar) values (?, ?, ?) [23505-230]
	at org.h2.jdbc.JdbcPreparedStatement.executeBatch(JdbcPreparedStatement.java:1277)
	at scala.meta.internal.metals.JarTopLevels.putToplevels(JarTopLevels.scala:139)
	at scala.meta.internal.metals.JarTopLevels.$anonfun$putJarIndexingInfo$1(JarTopLevels.scala:85)
	at scala.runtime.java8.JFunction1$mcII$sp.apply(JFunction1$mcII$sp.scala:17)
	at scala.Option.map(Option.scala:242)
	at scala.meta.internal.metals.JarTopLevels.putJarIndexingInfo(JarTopLevels.scala:84)
	at scala.meta.internal.metals.Indexer.addSourceJarSymbols(Indexer.scala:666)
	at scala.meta.internal.metals.Indexer.$anonfun$indexDependencySources$5(Indexer.scala:491)
	at scala.collection.IterableOnceOps.foreach(IterableOnce.scala:619)
	at scala.collection.IterableOnceOps.foreach$(IterableOnce.scala:617)
	at scala.collection.AbstractIterable.foreach(Iterable.scala:935)
	at scala.collection.IterableOps$WithFilter.foreach(Iterable.scala:905)
	at scala.meta.internal.metals.Indexer.$anonfun$indexDependencySources$1(Indexer.scala:482)
	at scala.meta.internal.metals.Indexer.$anonfun$indexDependencySources$1$adapted(Indexer.scala:481)
	at scala.collection.IterableOnceOps.foreach(IterableOnce.scala:619)
	at scala.collection.IterableOnceOps.foreach$(IterableOnce.scala:617)
	at scala.collection.AbstractIterable.foreach(Iterable.scala:935)
	at scala.meta.internal.metals.Indexer.indexDependencySources(Indexer.scala:481)
	at scala.meta.internal.metals.Indexer.$anonfun$indexWorkspace$17(Indexer.scala:302)
	at scala.runtime.java8.JFunction0$mcV$sp.apply(JFunction0$mcV$sp.scala:18)
	at scala.meta.internal.metals.TimerProvider.timedThunk(TimerProvider.scala:25)
	at scala.meta.internal.metals.Indexer.$anonfun$indexWorkspace$16(Indexer.scala:295)
	at scala.meta.internal.metals.Indexer.$anonfun$indexWorkspace$16$adapted(Indexer.scala:291)
	at scala.collection.immutable.List.foreach(List.scala:334)
	at scala.meta.internal.metals.Indexer.indexWorkspace(Indexer.scala:291)
	at scala.meta.internal.metals.Indexer.$anonfun$profiledIndexWorkspace$2(Indexer.scala:167)
	at scala.runtime.java8.JFunction0$mcV$sp.apply(JFunction0$mcV$sp.scala:18)
	at scala.meta.internal.metals.TimerProvider.timedThunk(TimerProvider.scala:25)
	at scala.meta.internal.metals.Indexer.$anonfun$profiledIndexWorkspace$1(Indexer.scala:167)
	at scala.runtime.java8.JFunction0$mcV$sp.apply(JFunction0$mcV$sp.scala:18)
	at scala.concurrent.Future$.$anonfun$apply$1(Future.scala:687)
	at scala.concurrent.impl.Promise$Transformation.run(Promise.scala:467)
	at java.util.concurrent.ThreadPoolExecutor.runWorker(ThreadPoolExecutor.java:1144)
	at java.util.concurrent.ThreadPoolExecutor$Worker.run(ThreadPoolExecutor.java:642)
	at java.lang.Thread.run(Thread.java:1575)
[0m
2024.10.19 22:26:45 INFO  time: indexed workspace in 17s[0m
2024.10.19 22:26:45 INFO  compiling leap (1 scala source)[0m
2024.10.19 22:26:47 INFO  time: compiled leap in 1.88s[0m
2024.10.19 22:26:47 INFO  compiling leap (1 scala source)[0m
2024.10.19 22:26:47 INFO  time: compiled leap in 0.21s[0m
2024.10.19 22:27:06 INFO  compiling leap (1 scala source)[0m
2024.10.19 22:27:06 INFO  time: compiled leap in 0.92s[0m
Oct 19, 2024 10:27:14 PM org.eclipse.lsp4j.jsonrpc.RemoteEndpoint handleNotification
WARNING: Notification threw an exception: {
  "jsonrpc": "2.0",
  "method": "textDocument/didChange",
  "params": {
    "textDocument": {
      "version": 17,
      "uri": "file:///Users/mahmood/Exercism/scala/leap/src/main/scala/Leap.scala"
    },
    "contentChanges": [
      {
        "text": "object Leap {\n  def leapYear(year: Int): Boolean \u003d\n    (year % 4 \u003d\u003d 0) || (year % 100 \u003d\u003d 0) \u0026\u0026 (year % 400 \u003d\u003d 0)\n}\n"
      }
    ]
  }
}
java.lang.IllegalStateException: An unexpected exception occurred while executing jsonrpc method public abstract java.util.concurrent.CompletableFuture scala.meta.metals.lsp.TextDocumentService.didChange(org.eclipse.lsp4j.DidChangeTextDocumentParams)
	at org.eclipse.lsp4j.jsonrpc.services.GenericEndpoint.lambda$recursiveFindRpcMethods$0(GenericEndpoint.java:73)
	at org.eclipse.lsp4j.jsonrpc.services.GenericEndpoint.notify(GenericEndpoint.java:160)
	at org.eclipse.lsp4j.jsonrpc.RemoteEndpoint.handleNotification(RemoteEndpoint.java:231)
	at org.eclipse.lsp4j.jsonrpc.RemoteEndpoint.consume(RemoteEndpoint.java:198)
	at org.eclipse.lsp4j.jsonrpc.json.StreamMessageProducer.handleMessage(StreamMessageProducer.java:185)
	at org.eclipse.lsp4j.jsonrpc.json.StreamMessageProducer.listen(StreamMessageProducer.java:97)
	at org.eclipse.lsp4j.jsonrpc.json.ConcurrentMessageProcessor.run(ConcurrentMessageProcessor.java:114)
	at java.base/java.util.concurrent.Executors$RunnableAdapter.call(Executors.java:572)
	at java.base/java.util.concurrent.FutureTask.run(FutureTask.java:317)
	at java.base/java.util.concurrent.ThreadPoolExecutor.runWorker(ThreadPoolExecutor.java:1144)
	at java.base/java.util.concurrent.ThreadPoolExecutor$Worker.run(ThreadPoolExecutor.java:642)
	at java.base/java.lang.Thread.run(Thread.java:1575)
Caused by: java.nio.file.NoSuchFileException: /Users/mahmood/Exercism/scala/leap/src/main/scala/Leap.scala
	at java.base/sun.nio.fs.UnixException.translateToIOException(UnixException.java:92)
	at java.base/sun.nio.fs.UnixException.rethrowAsIOException(UnixException.java:106)
	at java.base/sun.nio.fs.UnixException.rethrowAsIOException(UnixException.java:111)
	at java.base/sun.nio.fs.UnixPath.toRealPath(UnixPath.java:885)
	at scala.meta.internal.mtags.ScalametaCommonEnrichments$XtensionAbsolutePath.dealias(ScalametaCommonEnrichments.scala:330)
	at scala.meta.internal.mtags.MtagsEnrichments$XtensionURIMtags.toAbsolutePath(MtagsEnrichments.scala:132)
	at scala.meta.internal.mtags.MtagsEnrichments$XtensionStringMtags.toAbsolutePath(MtagsEnrichments.scala:187)
	at scala.meta.internal.metals.MetalsEnrichments$XtensionString.toAbsolutePath(MetalsEnrichments.scala:773)
	at scala.meta.internal.metals.MetalsEnrichments$XtensionString.toAbsolutePath(MetalsEnrichments.scala:770)
	at scala.meta.internal.parsing.Trees.tokenized(Trees.scala:132)
	at scala.meta.internal.parsing.TokenEditDistance$.apply(TokenEditDistance.scala:505)
	at scala.meta.internal.metals.Diagnostics.toFreshDiagnostic(Diagnostics.scala:279)
	at scala.meta.internal.metals.Diagnostics.$anonfun$publishDiagnostics$2(Diagnostics.scala:239)
	at scala.meta.internal.metals.Diagnostics.$anonfun$publishDiagnostics$2$adapted(Diagnostics.scala:238)
	at scala.collection.IterableOnceOps.foreach(IterableOnce.scala:619)
	at scala.collection.IterableOnceOps.foreach$(IterableOnce.scala:617)
	at scala.collection.AbstractIterable.foreach(Iterable.scala:935)
	at scala.meta.internal.metals.Diagnostics.publishDiagnostics(Diagnostics.scala:238)
	at scala.meta.internal.metals.Diagnostics.publishDiagnostics(Diagnostics.scala:203)
	at scala.meta.internal.metals.Diagnostics.didChange(Diagnostics.scala:138)
	at scala.meta.internal.metals.MetalsLspService.didChange(MetalsLspService.scala:870)
	at scala.meta.internal.metals.ProjectMetalsLspService.didChange(ProjectMetalsLspService.scala:242)
	at scala.meta.internal.metals.WorkspaceLspService.didChange(WorkspaceLspService.scala:407)
	at scala.meta.metals.lsp.DelegatingScalaService.didChange(DelegatingScalaService.scala:50)
	at java.base/jdk.internal.reflect.DirectMethodHandleAccessor.invoke(DirectMethodHandleAccessor.java:103)
	at java.base/java.lang.reflect.Method.invoke(Method.java:580)
	at org.eclipse.lsp4j.jsonrpc.services.GenericEndpoint.lambda$recursiveFindRpcMethods$0(GenericEndpoint.java:65)
	... 11 more

2024.10.19 22:27:14 INFO  compiling leap (1 scala source)[0m
2024.10.19 22:27:14 INFO  time: compiled leap in 0.99s[0m
2024.10.19 22:27:18 INFO  Shutting down server[0m
2024.10.19 22:27:18 INFO  shutting down Metals[0m
2024.10.19 22:27:19 INFO  Shut down connection with build server.[0m
2024.10.19 22:27:19 INFO  Shut down connection with build server.[0m
Oct 19, 2024 10:27:19 PM org.eclipse.lsp4j.jsonrpc.RemoteEndpoint notify
INFO: Failed to send notification message.
org.eclipse.lsp4j.jsonrpc.JsonRpcException: java.nio.channels.ClosedChannelException
	at org.eclipse.lsp4j.jsonrpc.json.StreamMessageConsumer.consume(StreamMessageConsumer.java:72)
	at scala.meta.internal.metals.RequestMonitorImpl$$anon$1.consume(ServerLivenessMonitor.scala:41)
	at org.eclipse.lsp4j.jsonrpc.RemoteEndpoint.notify(RemoteEndpoint.java:135)
	at org.eclipse.lsp4j.jsonrpc.RemoteEndpoint.sendCancelNotification(RemoteEndpoint.java:191)
	at org.eclipse.lsp4j.jsonrpc.RemoteEndpoint$1.cancel(RemoteEndpoint.java:160)
	at scala.meta.internal.metals.utils.FutureWithTimeout$$anon$1.$anonfun$cancel$1(FutureWithTimeout.scala:37)
	at scala.runtime.java8.JFunction0$mcZ$sp.apply(JFunction0$mcZ$sp.scala:17)
	at scala.util.Try$.apply(Try.scala:217)
	at scala.meta.internal.metals.utils.FutureWithTimeout$$anon$1.cancel(FutureWithTimeout.scala:37)
	at scala.meta.internal.metals.Cancelable$.$anonfun$cancelAll$1(Cancelable.scala:29)
	at scala.collection.immutable.List.foreach(List.scala:334)
	at scala.meta.internal.metals.Cancelable$.cancelAll(Cancelable.scala:28)
	at scala.meta.internal.metals.MutableCancelable.cancel(MutableCancelable.scala:25)
	at scala.meta.internal.metals.utils.RequestRegistry.cancel(RequestRegistry.scala:94)
	at scala.meta.internal.metals.BuildServerConnection.cancel(BuildServerConnection.scala:450)
	at scala.meta.internal.metals.BuildServerConnection.$anonfun$shutdown$1(BuildServerConnection.scala:182)
	at scala.meta.internal.metals.BuildServerConnection.$anonfun$shutdown$1$adapted(BuildServerConnection.scala:174)
	at scala.concurrent.impl.Promise$Transformation.run(Promise.scala:467)
	at java.base/java.util.concurrent.ThreadPoolExecutor.runWorker(ThreadPoolExecutor.java:1144)
	at java.base/java.util.concurrent.ThreadPoolExecutor$Worker.run(ThreadPoolExecutor.java:642)
	at java.base/java.lang.Thread.run(Thread.java:1575)
Caused by: java.nio.channels.ClosedChannelException
	at java.base/sun.nio.ch.SinkChannelImpl.ensureOpen(SinkChannelImpl.java:100)
	at java.base/sun.nio.ch.SinkChannelImpl.write(SinkChannelImpl.java:312)
	at java.base/sun.nio.ch.ChannelOutputStream.writeFully(ChannelOutputStream.java:68)
	at java.base/sun.nio.ch.ChannelOutputStream.write(ChannelOutputStream.java:102)
	at java.base/java.io.OutputStream.write(OutputStream.java:124)
	at java.base/sun.nio.ch.ChannelOutputStream.write(ChannelOutputStream.java:79)
	at scala.meta.internal.metals.ClosableOutputStream.write(ClosableOutputStream.scala:26)
	at java.base/java.io.FilterOutputStream.write(FilterOutputStream.java:139)
	at java.base/java.io.FilterOutputStream.write(FilterOutputStream.java:110)
	at org.eclipse.lsp4j.jsonrpc.json.StreamMessageConsumer.consume(StreamMessageConsumer.java:67)
	... 20 more

2024.10.19 22:27:19 INFO  Cancelling compilation on Bloop server[0m
java.util.concurrent.RejectedExecutionException: Task Future(<not completed>) rejected from java.util.concurrent.ThreadPoolExecutor@66498326[Shutting down, pool size = 8, active threads = 2, queued tasks = 0, completed tasks = 1004]
	at java.base/java.util.concurrent.ThreadPoolExecutor$AbortPolicy.rejectedExecution(ThreadPoolExecutor.java:2082)
	at java.base/java.util.concurrent.ThreadPoolExecutor.reject(ThreadPoolExecutor.java:841)
	at java.base/java.util.concurrent.ThreadPoolExecutor.execute(ThreadPoolExecutor.java:1377)
	at scala.concurrent.impl.ExecutionContextImpl.execute(ExecutionContextImpl.scala:21)
	at scala.concurrent.impl.Promise$Transformation.submitWithValue(Promise.scala:429)
	at scala.concurrent.impl.Promise$DefaultPromise.submitWithValue(Promise.scala:338)
	at scala.concurrent.impl.Promise$DefaultPromise.tryComplete0(Promise.scala:285)
	at scala.concurrent.impl.Promise$Transformation.handleFailure(Promise.scala:444)
	at scala.concurrent.impl.Promise$Transformation.submitWithValue(Promise.scala:435)
	at scala.concurrent.impl.Promise$DefaultPromise.submitWithValue(Promise.scala:338)
	at scala.concurrent.impl.Promise$DefaultPromise.tryComplete0(Promise.scala:285)
	at scala.concurrent.impl.Promise$Transformation.handleFailure(Promise.scala:444)
	at scala.concurrent.impl.Promise$Transformation.run(Promise.scala:506)
	at java.base/java.util.concurrent.ThreadPoolExecutor.runWorker(ThreadPoolExecutor.java:1144)
	at java.base/java.util.concurrent.ThreadPoolExecutor$Worker.run(ThreadPoolExecutor.java:642)
	at java.base/java.lang.Thread.run(Thread.java:1575)
2024.10.19 22:27:19 INFO  unable to setup persistent H2 database with AUTO_SERVER=true, falling back to AUTO_SERVER=false.[0m
2024.10.19 22:28:52 INFO  Started: Metals version 1.3.5 in folders '/Users/mahmood/Exercism/scala/leap' for client Neovim 0.10.2.[0m
SLF4J(W): Class path contains multiple SLF4J providers.
SLF4J(W): Found provider [scribe.slf4j.ScribeServiceProvider@2bee98bc]
SLF4J(W): Found provider [ch.qos.logback.classic.spi.LogbackServiceProvider@4adf709]
SLF4J(W): See https://www.slf4j.org/codes.html#multiple_bindings for an explanation.
SLF4J(I): Actual provider is of type [scribe.slf4j.ScribeServiceProvider@2bee98bc]
2024.10.19 22:28:54 WARN  Flyway upgrade recommended: H2 2.3.230 is newer than this version of Flyway and support has not been tested. The latest supported version of H2 is 2.2.220.[0m
2024.10.19 22:28:54 INFO  no build target found for /Users/mahmood/Exercism/scala/leap/src/main/scala/Leap.scala. Using presentation compiler with project's scala-library version: 3.3.3[0m
2024.10.19 22:28:54 INFO  Attempting to connect to the build server...[0m
2024.10.19 22:28:55 INFO  tracing is disabled for protocol BSP, to enable tracing of incoming and outgoing JSON messages create an empty file at /Users/mahmood/Exercism/scala/leap/.metals/bsp.trace.json or /Users/mahmood/Library/Caches/org.scalameta.metals/bsp.trace.json[0m
2024.10.19 22:28:55 INFO  Attempting to connect to the build server...[0m
2024.10.19 22:28:55 INFO  tracing is disabled for protocol BSP, to enable tracing of incoming and outgoing JSON messages create an empty file at /Users/mahmood/Exercism/scala/leap/project/.metals/bsp.trace.json or /Users/mahmood/Library/Caches/org.scalameta.metals/bsp.trace.json[0m
2024.10.19 22:28:55 INFO  time: Connected to build server in 0.87s[0m
2024.10.19 22:28:55 INFO  Connected to Build server: Bloop v1.6.0[0m
2024.10.19 22:28:55 INFO  running doctor check[0m
2024.10.19 22:28:55 INFO  java targets: leap, leap-test, leap-build[0m
2024.10.19 22:28:55 WARN  Unable to run doctor. Make sure `isHttpEnabled` is set to `true`.[0m
2024.10.19 22:28:59 WARN  Flyway upgrade recommended: H2 2.3.230 is newer than this version of Flyway and support has not been tested. The latest supported version of H2 is 2.2.220.[0m
2024.10.19 22:28:59 INFO  time: indexed workspace in 4.28s[0m
2024.10.19 22:29:00 INFO  compiling leap-test (1 scala source)[0m
2024.10.19 22:29:01 INFO  compiling leap (1 scala source)[0m
2024.10.19 22:29:01 INFO  time: compiled leap in 0.5s[0m
2024.10.19 22:29:02 INFO  time: compiled leap-test in 2.54s[0m
2024.10.19 22:30:27 INFO  compiling leap-test (1 scala source)[0m
2024.10.19 22:30:29 INFO  time: compiled leap-test in 1.55s[0m
2024.10.19 22:30:50 INFO  compiling leap-test (1 scala source)[0m
2024.10.19 22:30:51 INFO  time: compiled leap-test in 1.08s[0m
2024.10.19 22:32:34 INFO  compiling leap (1 scala source)[0m
2024.10.19 22:32:34 INFO  time: compiled leap in 0.23s[0m
2024.10.19 22:33:15 INFO  compiling leap-test (1 scala source)[0m
2024.10.19 22:33:15 INFO  time: compiled leap-test in 0.93s[0m
2024.10.19 22:35:00 INFO  compiling leap (1 scala source)[0m
2024.10.19 22:35:00 INFO  time: compiled leap in 0.14s[0m
2024.10.19 22:54:27 INFO  Shutting down server[0m
2024.10.19 22:54:27 INFO  shutting down Metals[0m
2024.10.19 22:54:27 INFO  Shut down connection with build server.[0m
2024.10.19 22:54:27 INFO  Shut down connection with build server.[0m
2024.10.19 22:55:14 INFO  Started: Metals version 1.3.5 in folders '/Users/mahmood/Exercism/scala/leap' for client Neovim 0.10.2.[0m
SLF4J(W): Class path contains multiple SLF4J providers.
SLF4J(W): Found provider [scribe.slf4j.ScribeServiceProvider@17fe754d]
SLF4J(W): Found provider [ch.qos.logback.classic.spi.LogbackServiceProvider@79637cb0]
SLF4J(W): See https://www.slf4j.org/codes.html#multiple_bindings for an explanation.
SLF4J(I): Actual provider is of type [scribe.slf4j.ScribeServiceProvider@17fe754d]
2024.10.19 22:55:14 WARN  Flyway upgrade recommended: H2 2.3.230 is newer than this version of Flyway and support has not been tested. The latest supported version of H2 is 2.2.220.[0m
2024.10.19 22:55:15 INFO  Attempting to connect to the build server...[0m
2024.10.19 22:55:15 INFO  tracing is disabled for protocol BSP, to enable tracing of incoming and outgoing JSON messages create an empty file at /Users/mahmood/Exercism/scala/leap/.metals/bsp.trace.json or /Users/mahmood/Library/Caches/org.scalameta.metals/bsp.trace.json[0m
2024.10.19 22:55:15 INFO  Attempting to connect to the build server...[0m
2024.10.19 22:55:15 INFO  tracing is disabled for protocol BSP, to enable tracing of incoming and outgoing JSON messages create an empty file at /Users/mahmood/Exercism/scala/leap/project/.metals/bsp.trace.json or /Users/mahmood/Library/Caches/org.scalameta.metals/bsp.trace.json[0m
2024.10.19 22:55:15 INFO  time: Connected to build server in 0.59s[0m
2024.10.19 22:55:15 INFO  Connected to Build server: Bloop v1.6.0[0m
2024.10.19 22:55:15 INFO  no build target found for /Users/mahmood/Exercism/scala/leap/src/main/scala/Leap.scala. Using presentation compiler with project's scala-library version: 3.3.3[0m
2024.10.19 22:55:16 INFO  time: Imported build in 0.1s[0m
2024.10.19 22:55:15 INFO  no build target found for /Users/mahmood/Exercism/scala/leap/src/main/scala/Leap.scala. Using presentation compiler with project's scala-library version: 3.3.3[0m
2024.10.19 22:55:16 INFO  running doctor check[0m
2024.10.19 22:55:16 INFO  java targets: leap, leap-test, leap-build[0m
2024.10.19 22:55:16 WARN  Unable to run doctor. Make sure `isHttpEnabled` is set to `true`.[0m
2024.10.19 22:55:18 INFO  compiling leap (1 scala source)[0m
2024.10.19 22:55:18 INFO  time: compiled leap in 0.31s[0m
2024.10.19 22:55:20 WARN  Flyway upgrade recommended: H2 2.3.230 is newer than this version of Flyway and support has not been tested. The latest supported version of H2 is 2.2.220.[0m
2024.10.19 22:55:20 INFO  time: indexed workspace in 4.16s[0m
2024.10.19 22:58:48 INFO  Shutting down server[0m
2024.10.19 22:58:48 INFO  shutting down Metals[0m
2024.10.19 22:58:48 INFO  Shut down connection with build server.[0m
2024.10.19 22:58:48 INFO  Shut down connection with build server.[0m
2024.10.19 22:58:48 INFO  Exiting server[0m
