<?xml version='1.0' encoding='UTF-8'?>
<testsuite hostname="Mahmoods-Air" name="LeapTest" tests="4" errors="0" failures="0" skipped="0" time="0.014" timestamp="2024-10-19T22:55:45">
          <properties>
[...]
</properties>
          <testcase classname="LeapTest" name="year not divisible by 4: common year" time="0.014">
                      
                    </testcase><testcase classname="LeapTest" name="year divisible by 4, not divisible by 100: leap year" time="0.0">
                      
                    </testcase><testcase classname="LeapTest" name="year divisible by 100, not divisible by 400: common year" time="0.0">
                      
                    </testcase><testcase classname="LeapTest" name="year divisible by 400: leap year" time="0.0">
                      
                    </testcase>
          <system-out><![CDATA[]]></system-out>
          <system-err><![CDATA[]]></system-err>
        </testsuite>